Send POST https://api.jpush.cn/v3/push, body:{"platform":"all","audience":"all","notification":{"alert":"Hi, JPush"}}, times:1
Send POST https://api.jpush.cn/v3/push, body:{"platform":"all","audience":"all","notification":{"alert":"Hi, JPush"}}, times:1
Send POST https://api.jpush.cn/v3/push, body:{"platform":"all","audience":"all","notification":{"alert":"Hi, JPush"}}, times:1
Send POST https://api.jpush.cn/v3/push, body:{"platform":"all","audience":"all","notification":{"alert":"Hi, JPush"}}, times:1
Send POST https://api.jpush.cn/v3/push, body:{"platform":"all","audience":"all","notification":{"alert":"Hi, JPush"}}, times:1
Send POST https://api.jpush.cn/v3/push, body:{"platform":"all","audience":"all","notification":{"alert":"Hi, JPush"}}, times:1
Send POST https://api.jpush.cn/v3/push, body:{"platform":"all","audience":"all","notification":{"alert":"Hi, JPush"}}, times:1
Send POST https://api.jpush.cn/v3/push, body:{"platform":"all","audience":"all","notification":{"alert":"Hi, JPush"}}, times:1
Send POST https://api.jpush.cn/v3/push, body:{"platform":"all","audience":"all","notification":{"alert":"Hi2222222222222222222222222222, JPush"}}, times:1
Send POST https://api.jpush.cn/v3/push, body:{"platform":"all","audience":"all","notification":{"alert":"Hi2222222222222222222222222222, JPush"}}, times:1
Send POST https://api.jpush.cn/v3/push, body:{"platform":"all","audience":"all","notification":{"alert":"Hi2222222222222222222222222222, JPush"}}, times:1
Send POST https://api.jpush.cn/v3/push, body:{"platform":"all","audience":"all","notification":{"alert":"Hi2222222222222222222222222222, JPush"}}, times:1
Send POST https://api.jpush.cn/v3/push, body:{"platform":"all","audience":"all","notification":{"alert":"Hi2222222222222222222222222222, JPush"}}, times:1
Send POST https://api.jpush.cn/v3/push, body:{"platform":"all","audience":"all","notification":{"alert":"Hi2222222222222222222222222222, JPush"}}, times:1
Send POST https://api.jpush.cn/v3/push, body:{"platform":"all","audience":"all","notification":{"alert":"Hi2222222222222222222222222222, JPush"}}, times:1
Send POST https://api.jpush.cn/v3/push, body:{"platform":"all","audience":"all","notification":{"alert":"Hi2222222222222222222222222222, JPush"}}, times:1
Send POST https://api.jpush.cn/v3/push, body:{"platform":"all","audience":"all","notification":{"alert":"Hi2222222222222222222222222222, JPush"}}, times:1
Send POST https://api.jpush.cn/v3/push, body:{"platform":"all","audience":"all","notification":{"alert":"Hi2222222222222222222222222222, JPush"}}, times:1
Send POST https://api.jpush.cn/v3/push, body:{"platform":"all","audience":"all","notification":{"alert":"Hi2222222222222222222222222222, JPush"}}, times:1
Send POST https://api.jpush.cn/v3/push, body:{"platform":"all","audience":"all","notification":{"alert":"Hello, JPush"}}, times:1
Send POST https://api.jpush.cn/v3/push, body:{"platform":"all","audience":"all","notification":{"alert":"Hello, JPush"}}, times:1
Send POST https://api.jpush.cn/v3/push, body:{"platform":"all","audience":"all","notification":{"alert":"Hello, JPush"}}, times:1
Send POST https://api.jpush.cn/v3/push, body:{"platform":"all","audience":"all","notification":{"alert":"Hello, JPush"}}, times:1
Send POST https://api.jpush.cn/v3/push, body:{"platform":"all","audience":"all","notification":{"alert":"Hello, JPush"}}, times:1
Send POST https://api.jpush.cn/v3/push, body:{"platform":"all","audience":"all","notification":{"alert":"Hello, JPush"}}, times:1
Send POST https://api.jpush.cn/v3/push, body:{"platform":"all","audience":"all","notification":{"alert":"Hello, JPush"}}, times:1
Send POST https://api.jpush.cn/v3/push, body:{"platform":"all","audience":"all","notification":{"alert":"Hello, JPush"}}, times:1
Send POST https://api.jpush.cn/v3/push, body:{"platform":"all","audience":"all","notification":{"alert":"Hello, JPush"}}, times:1
Send POST https://api.jpush.cn/v3/push, body:{"platform":"all","audience":"all","notification":{"alert":"Hello, JPush"}}, times:1
Send POST https://api.jpush.cn/v3/push, body:{"platform":"all","audience":"all","notification":{"alert":"Hello, JPush"}}, times:1
Send POST https://api.jpush.cn/v3/push, body:{"platform":"all","audience":"all","notification":{"alert":"Hello, JPush"}}, times:1
Send POST https://api.jpush.cn/v3/push, body:{"platform":"all","audience":"all","notification":{"alert":"Hello, JPush"}}, times:1
Send POST https://api.jpush.cn/v3/push, body:{"platform":"all","audience":"all","notification":{"alert":"Hello, JPush"}}, times:1
Send POST https://api.jpush.cn/v3/push, body:{"platform":"all","audience":"all","notification":{"alert":"Hello, JPush"}}, times:1
Send POST https://api.jpush.cn/v3/push, body:{"platform":"all","audience":"all","notification":{"alert":"Hello, JPush"}}, times:1
Send POST https://api.jpush.cn/v3/push, body:{"platform":"all","audience":"all","notification":{"alert":"Hi2222222222222222222222222222, JPush"}}, times:1
Send POST https://api.jpush.cn/v3/push, body:{"platform":"all","audience":"all","notification":{"alert":"Hi2222222222222222222222222222, JPush"}}, times:1
Send POST https://api.jpush.cn/v3/push, body:{"platform":"all","audience":"all","notification":{"alert":"Hi2222222222222222222222222222, JPush"}}, times:1
Send POST https://api.jpush.cn/v3/push, body:{"platform":"all","audience":"all","notification":{"alert":"Hi2222222222222222222222222222, JPush"}}, times:1
Send POST https://api.jpush.cn/v3/push, body:{"platform":"all","audience":"all","notification":{"alert":"Hi2222222222222222222222222222, JPush"}}, times:1
Send POST https://api.jpush.cn/v3/push, body:{"platform":"all","audience":"all","notification":{"alert":"Hi2222222222222222222222222222, JPush"}}, times:1
Send POST https://api.jpush.cn/v3/push, body:{"platform":"all","audience":"all","notification":{"alert":"Hi2222222222222222222222222222, JPush"}}, times:1
Send POST https://api.jpush.cn/v3/push, body:{"platform":"all","audience":"all","notification":{"alert":"Hi2222222222222222222222222222, JPush"}}, times:1
Send POST https://api.jpush.cn/v3/push, body:{"platform":"all","audience":"all","notification":{"alert":"Hi2222222222222222222222222222, JPush"}}, times:1
Send POST https://api.jpush.cn/v3/push, body:{"platform":"all","audience":"all","notification":{"alert":"Hi2222222222222222222222222222, JPush"}}, times:1
Send POST https://api.jpush.cn/v3/push, body:{"platform":"all","audience":"all","notification":{"alert":"Hi2222222222222222222222222222, JPush"}}, times:1
Send POST https://api.jpush.cn/v3/push, body:{"platform":"all","audience":"all","notification":{"alert":"Hi2222222222222222222222222222, JPush"}}, times:1
Send POST https://api.jpush.cn/v3/push, body:{"platform":"all","audience":"all","notification":{"alert":"Hi2222222222222222222222222222, JPush"}}, times:1
Send POST https://api.jpush.cn/v3/push, body:{"platform":"all","audience":"all","notification":{"alert":"Hi2222222222222222222222222222, JPush"}}, times:1
Send POST https://api.jpush.cn/v3/push, body:{"platform":"all","audience":"all","notification":{"alert":"Hi2222222222222222222222222222, JPush"}}, times:1
Send POST https://api.jpush.cn/v3/push, body:{"platform":"all","audience":"all","notification":{"alert":"Hi2222222222222222222222222222, JPush"}}, times:1
Send POST https://api.jpush.cn/v3/push, body:{"platform":"all","audience":"all","notification":{"alert":"Hi2222222222222222222222222222, JPush"}}, times:1
Send POST https://api.jpush.cn/v3/push, body:{"platform":"all","audience":"all","notification":{"alert":"Hi2222222222222222222222222222, JPush"}}, times:1
Send POST https://api.jpush.cn/v3/push, body:{"platform":"all","audience":"all","notification":{"alert":"Hi2222222222222222222222222222, JPush"}}, times:1
Send POST https://api.jpush.cn/v3/push, body:{"platform":"all","audience":"all","notification":{"alert":"Hi2222222222222222222222222222, JPush"}}, times:1
Send POST https://api.jpush.cn/v3/push, body:{"platform":"all","audience":"all","notification":{"alert":"Hi2222222222222222222222222222, JPush"}}, times:1
Send POST https://api.jpush.cn/v3/push, body:{"platform":"all","audience":"all","notification":{"alert":"Hi2222222222222222222222222222, JPush"}}, times:1
Send POST https://api.jpush.cn/v3/push, body:{"platform":"all","audience":"all","notification":{"alert":"Hi2222222222222222222222222222, JPush"}}, times:1
Send POST https://api.jpush.cn/v3/push, body:{"platform":"all","audience":"all","notification":{"alert":"Hi, JPush"}}, times:1
Send POST https://api.jpush.cn/v3/push, body:{"platform":"all","audience":"all","notification":{"alert":"Hi, JPush"}}, times:1
Send POST https://api.jpush.cn/v3/push, body:{"platform":["ios","android"],"audience":{"alias":["107"]},"notification":{"alert":"Hi, JPush"}}, times:1
Send POST https://api.jpush.cn/v3/push, body:{"platform":["ios","android"],"audience":{"alias":["107"]},"notification":{"alert":"Hi, JPush"}}, times:1
Send POST https://api.jpush.cn/v3/push, body:{"platform":["ios","android"],"audience":{"alias":["107"]},"notification":{"alert":"Hi, JPush"}}, times:1
Send POST https://api.jpush.cn/v3/push, body:{"platform":["ios","android"],"audience":{"alias":["107"]},"message":{"msg_content":"message content","title":"hello jpush","content_type":"text"}}, times:1
Send POST https://api.jpush.cn/v3/push, body:{"platform":"all","audience":"all","notification":{"alert":"Hi, JPush"}}, times:1
Send POST https://api.jpush.cn/v3/push, body:{"platform":"all","audience":{"alias":["107"]},"notification":{"alert":"Hi, JPush"}}, times:1
Send POST https://api.jpush.cn/v3/push, body:{"platform":"all","audience":{"alias":["107"]},"notification":{"alert":"Hi, JPush"}}, times:1
Send POST https://api.jpush.cn/v3/push, body:{"platform":"all","audience":{"alias":["107"]},"notification":{"alert":"Hi, JPush"}}, times:1
Send POST https://api.jpush.cn/v3/push, body:{"platform":"all","audience":{"alias":["107"]},"notification":{"alert":"Hi, JPush"}}, times:1
Send POST https://api.jpush.cn/v3/push, body:{"platform":"all","audience":{"alias":["107"]},"notification":{"alert":"Hi, JPush"}}, times:1
Send POST https://api.jpush.cn/v3/push, body:{"platform":"all","audience":{"alias":["107"]},"notification":{"alert":"Hi, JPush"}}, times:1
Send POST https://api.jpush.cn/v3/push, body:{"platform":["ios","android"],"audience":{"alias":["107"]},"message":{"msg_content":"message content","title":"hello jpush","content_type":"text"}}, times:1
Send POST https://api.jpush.cn/v3/push, body:{"platform":["ios","android"],"audience":{"alias":["107"]},"message":{"msg_content":"message content","title":"hello \u7545\u4f60\u4e2a\u8001\u53f8\u673a","content_type":"text\u54c8\u54c8\u54c8\u54c8\u54c8\u54c8\u54c8\u54c8\u54c8"}}, times:1
Send POST https://api.jpush.cn/v3/push, body:{"platform":["ios","android"],"audience":{"alias":["107"]},"message":{"msg_content":"message content","title":"hello \u7545\u4f60\u4e2a\u8001\u53f8\u673a","content_type":"text"}}, times:1
Send POST https://api.jpush.cn/v3/push, body:{"platform":["ios","android"],"audience":{"alias":["107"]},"message":{"msg_content":"message content","title":"hello \u7545\u4f60\u4e2a\u8001\u53f8\u673a","content_type":"text","extras":{"key":"value","0":"jiguang"}}}, times:1
Send POST https://api.jpush.cn/v3/push, body:{"platform":["ios","android"],"audience":{"alias":["107"]},"message":{"msg_content":"message content","title":"hello \u7545\u4f60\u4e2a\u8001\u53f8\u673a","content_type":"text","extras":{"key":"value","0":"jiguang"}}}, times:1
Send POST https://api.jpush.cn/v3/push, body:{"platform":["ios","android"],"audience":{"alias":["107"]},"message":{"msg_content":"message content","title":"hello \u7545\u4f60\u4e2a\u8001\u53f8\u673a","content_type":"text","extras":{"key":"value","0":"jiguang"}}}, times:1
Send POST https://api.jpush.cn/v3/push, body:{"platform":["ios","android"],"audience":{"alias":["107"]},"notification":{"alert":"Hi, JPush"}}, times:1
Send POST https://api.jpush.cn/v3/push, body:{"platform":["ios","android"],"audience":{"alias":["107"]},"notification":{"alert":"Hi, JPush"}}, times:1
Send POST https://api.jpush.cn/v3/push, body:{"platform":["ios","android"],"audience":{"alias":["107"]},"notification":{"alert":"Hi, JPush11111wxm"}}, times:1
Send POST https://api.jpush.cn/v3/push, body:{"platform":["ios","android"],"audience":{"alias":["107"]},"notification":{"alert":"Hi, JPush11111wxm"}}, times:1
Send POST https://api.jpush.cn/v3/push, body:{"platform":["ios","android"],"audience":{"alias":["107"]},"notification":{"alert":"Hi, JPush11111wxm"}}, times:1
Send POST https://api.jpush.cn/v3/push, body:{"platform":"all","audience":"all","notification":{"alert":"Hi, JPush11111wxm"}}, times:1
Send POST https://api.jpush.cn/v3/push, body:{"platform":["ios","android"],"audience":{"alias":["107"]},"message":{"msg_content":"message content","title":"hello \u7545\u4f60\u4e2a\u8001\u53f8\u673a","content_type":"text","extras":{"key":"value","0":"jiguang"}}}, times:1
Send POST https://api.jpush.cn/v3/push, body:{"platform":["ios","android"],"audience":{"alias":["107"]},"message":{"msg_content":"message content","title":"hello \u7545\u4f60\u4e2a\u8001\u53f8\u673a","content_type":"text","extras":{"key":"value","0":"jiguang"}}}, times:1
Send POST https://api.jpush.cn/v3/push, body:{"platform":"all","audience":"all","notification":{"alert":"Hi, JPush11111wxm"}}, times:1
Send POST https://api.jpush.cn/v3/push, body:{"platform":"all","audience":"all","notification":{"alert":"Hi, JPush11111wxm"}}, times:1
Send POST https://api.jpush.cn/v3/push, body:{"platform":"all","audience":"all","notification":{"alert":"Hello, JPushwxm"}}, times:1
Send POST https://api.jpush.cn/v3/push, body:{"platform":"all","audience":"all","notification":{"alert":"Hello, JPush"}}, times:1
Send POST https://api.jpush.cn/v3/push, body:{"platform":"all","audience":"all","notification":{"alert":"Hello, JPush"}}, times:1
Send POST https://api.jpush.cn/v3/push, body:{"platform":"all","audience":"all","notification":{"alert":"Hello, JPush"}}, times:1
Send POST https://api.jpush.cn/v3/push, body:{"platform":"all","audience":"all","notification":{"alert":"Hello, JPush"}}, times:1
Send POST https://api.jpush.cn/v3/push, body:{"platform":"all","audience":"all","notification":{"alert":"Hello, JPush"}}, times:1
Send POST https://api.jpush.cn/v3/push, body:{"platform":"all","audience":"all","notification":{"alert":"Hello, JPush"}}, times:1
Send POST https://api.jpush.cn/v3/push, body:{"platform":"all","audience":"all","notification":{"alert":"Hello, JPush"}}, times:1
Send POST https://api.jpush.cn/v3/push, body:{"platform":["ios","android"],"audience":{"alias":["107"]},"message":{"msg_content":"message content","title":"hello \u7545\u4f60\u4e2a\u8001\u53f8\u673a","content_type":"text","extras":{"identity":"version","version":"1.0.0"}}}, times:1
Send POST https://api.jpush.cn/v3/push, body:{"platform":["ios","android"],"audience":{"alias":["107"]},"message":{"msg_content":"message content","title":"hello \u7545\u4f60\u4e2a\u8001\u53f8\u673a","content_type":"text","extras":{"identity":"version","version":"1.0.0"}}}, times:1
Send POST https://api.jpush.cn/v3/push, body:{"platform":["ios","android"],"audience":{"alias":["107"]},"message":{"msg_content":"message content","title":"hello \u7545\u4f60\u4e2a\u8001\u53f8\u673a","content_type":"text","extras":{"identity":"VERSION","version":"1.0.0"}}}, times:1
Send POST https://api.jpush.cn/v3/push, body:{"platform":["ios","android"],"audience":{"alias":["107"]},"message":{"msg_content":"message content","title":"hello \u7545\u4f60\u4e2a\u8001\u53f8\u673a","content_type":"text","extras":{"identity":"VERSION","version":"1.0.0"}}}, times:1
Send POST https://api.jpush.cn/v3/push, body:{"platform":["ios","android"],"audience":{"alias":["107"]},"message":{"msg_content":"message content","title":"hello \u7545\u4f60\u4e2a\u8001\u53f8\u673a","content_type":"text","extras":{"identity":"VERSION","version":"1.0.0"}}}, times:1
Send POST https://api.jpush.cn/v3/push, body:{"platform":["ios","android"],"audience":{"alias":["107"]},"message":{"msg_content":"message content","title":"hello \u7545\u4f60\u4e2a\u8001\u53f8\u673a","content_type":"text","extras":{"identity":"VERSION","version":"1.0.0"}}}, times:1
Send POST https://api.jpush.cn/v3/push, body:{"platform":["ios","android"],"audience":{"alias":["107"]},"message":{"msg_content":"message content","title":"hello \u7545\u4f60\u4e2a\u8001\u53f8\u673a","content_type":"text","extras":{"identity":"VERSION","version":"1.0.1"}}}, times:1
Send POST https://api.jpush.cn/v3/push, body:{"platform":["ios","android"],"audience":{"alias":["107"]},"message":{"msg_content":"message content","title":"hello \u7545\u4f60\u4e2a\u8001\u53f8\u673a","content_type":"text","extras":{"identity":"VERSION","version":"1.0.0"}}}, times:1
Send POST https://api.jpush.cn/v3/push, body:{"platform":["ios","android"],"audience":{"alias":["107"]},"message":{"msg_content":"message content","title":"hello \u7545\u4f60\u4e2a\u8001\u53f8\u673a","content_type":"text","extras":{"identity":"VERSION","version":"1.0.0"}}}, times:1
Send POST https://api.jpush.cn/v3/push, body:{"platform":["ios","android"],"audience":{"alias":["107"]},"message":{"msg_content":"message content","title":"\u7248\u672c\u66f4\u65b0","content_type":"text","extras":{"identity":"marking"}}}, times:1
Send POST https://api.jpush.cn/v3/push, body:{"platform":["ios","android"],"audience":{"alias":["107"]},"message":{"msg_content":"message content","title":"\u7248\u672c\u66f4\u65b0","content_type":"text","extras":{"identity":"marking"}}}, times:1
Send POST https://api.jpush.cn/v3/push, body:{"platform":["ios","android"],"audience":{"alias":["107"]},"message":{"msg_content":"message content","title":"\u7248\u672c\u66f4\u65b0","content_type":"text","extras":{"identity":"MARKING"}}}, times:1
Send POST https://api.jpush.cn/v3/push, body:{"platform":["ios","android"],"audience":{"alias":["107"]},"message":{"msg_content":"message content","title":"\u7248\u672c\u66f4\u65b0","content_type":"text","extras":{"identity":"MARKING"}}}, times:1
Send POST https://api.jpush.cn/v3/push, body:{"platform":["ios","android"],"audience":{"alias":["107"]},"message":{"msg_content":"message content","title":"\u7248\u672c\u66f4\u65b0","content_type":"text","extras":{"identity":"LIVE","liveImg":"http:\/\/bookclub-test.oss-cn-beijing.aliyuncs.com\/pic\/artpic\/2016\/1470973549b2de9c82d158ccbf79a00f8c1cd8bc3eb1354163.jpg"}}}, times:1
Send POST https://api.jpush.cn/v3/push, body:{"platform":["ios","android"],"audience":{"alias":["107"]},"message":{"msg_content":"message content","title":"\u7248\u672c\u66f4\u65b0","content_type":"text","extras":{"identity":"LIVE-IMG","liveImg":"http:\/\/bookclub-test.oss-cn-beijing.aliyuncs.com\/pic\/artpic\/2016\/1470973549b2de9c82d158ccbf79a00f8c1cd8bc3eb1354163.jpg"}}}, times:1
Send POST https://api.jpush.cn/v3/push, body:{"platform":["ios","android"],"audience":{"alias":["107"]},"message":{"msg_content":"message content","title":"\u7248\u672c\u66f4\u65b0","content_type":"text","extras":{"identity":"LIVE-IMG","liveImg":"http:\/\/bookclub-test.oss-cn-beijing.aliyuncs.com\/pic\/artpic\/2016\/1470973549b2de9c82d158ccbf79a00f8c1cd8bc3eb1354163.jpg"}}}, times:1
Send POST https://api.jpush.cn/v3/push, body:{"platform":["ios","android"],"audience":{"alias":["107"]},"message":{"msg_content":"message content","title":"\u7248\u672c\u66f4\u65b0","content_type":"text","extras":{"identity":"LIVE-IMG","liveImg":"http:\/\/bookclub-test.oss-cn-beijing.aliyuncs.com\/pic\/artpic\/2016\/1470973549b2de9c82d158ccbf79a00f8c1cd8bc3eb1354163.jpg"}}}, times:1
Send POST https://api.jpush.cn/v3/push, body:{"platform":["ios","android"],"audience":{"alias":["107"]},"message":{"msg_content":"message content","title":"\u7248\u672c\u66f4\u65b0","content_type":"text","extras":{"identity":"LIVE-IMG","liveImg":"http:\/\/bookclub-test.oss-cn-beijing.aliyuncs.com\/pic\/artpic\/2016\/1470973549b2de9c82d158ccbf79a00f8c1cd8bc3eb1354163.jpg"}}}, times:1
Send POST https://api.jpush.cn/v3/push, body:{"platform":["ios","android"],"audience":{"alias":["107"]},"message":{"msg_content":"message content","title":"\u7248\u672c\u66f4\u65b0","content_type":"text","extras":{"identity":"LIVE-IMG","liveImg":"http:\/\/bookclub-test.oss-cn-beijing.aliyuncs.com\/pic\/artpic\/2016\/1470973549b2de9c82d158ccbf79a00f8c1cd8bc3eb1354163.jpg"}}}, times:1
Send POST https://api.jpush.cn/v3/push, body:{"platform":["ios","android"],"audience":{"alias":["107"]},"message":{"msg_content":"message content","title":"\u7248\u672c\u66f4\u65b0","content_type":"text","extras":{"identity":"LIVE-IMG","liveImg":"http:\/\/bookclub-test.oss-cn-beijing.aliyuncs.com\/pic\/artpic\/2016\/1470973549b2de9c82d158ccbf79a00f8c1cd8bc3eb1354163.jpg"}}}, times:1
Send POST https://api.jpush.cn/v3/push, body:{"platform":["ios","android"],"audience":{"alias":["107"]},"message":{"msg_content":"message content","title":"\u7248\u672c\u66f4\u65b0","content_type":"text","extras":{"identity":"LIVE-IMG","liveImg":"http:\/\/bookclub-test.oss-cn-beijing.aliyuncs.com\/pic\/artpic\/2016\/1470973549b2de9c82d158ccbf79a00f8c1cd8bc3eb1354163.jpg"}}}, times:1
Send POST https://api.jpush.cn/v3/push, body:{"platform":["ios","android"],"audience":{"alias":["107"]},"message":{"msg_content":"message content","title":"\u7248\u672c\u66f4\u65b0","content_type":"text","extras":{"identity":"LIVE-IMG","liveImg":"http:\/\/bookclub-test.oss-cn-beijing.aliyuncs.com\/pic\/artpic\/2016\/1470973549b2de9c82d158ccbf79a00f8c1cd8bc3eb1354163.jpg"}}}, times:1
Send POST https://api.jpush.cn/v3/push, body:{"platform":["ios","android"],"audience":{"alias":["107"]},"message":{"msg_content":"message content","title":"\u7248\u672c\u66f4\u65b0","content_type":"text","extras":{"identity":"LIVE-IMG","liveImg":"http:\/\/bookclub-test.oss-cn-beijing.aliyuncs.com\/pic\/artpic\/2016\/1470973549b2de9c82d158ccbf79a00f8c1cd8bc3eb1354163.jpg"}}}, times:1
Send POST https://api.jpush.cn/v3/push, body:{"platform":"all","audience":"all","notification":{"alert":"Hello, JPush"}}, times:1
Send POST https://api.jpush.cn/v3/push, body:{"platform":"all","audience":"all","notification":{"alert":"Hello, JPush"}}, times:1
Send POST https://api.jpush.cn/v3/push, body:{"platform":["ios","android"],"audience":{"alias":["130"]},"message":{"msg_content":"message content","title":"\u7248\u672c\u66f4\u65b0","content_type":"text","extras":{"identity":"MARKING"}}}, times:1
Send POST https://api.jpush.cn/v3/push, body:{"platform":["ios","android"],"audience":{"alias":["130"]},"message":{"msg_content":"message content","title":"\u7248\u672c\u66f4\u65b0","content_type":"text","extras":{"identity":"MARKING"}}}, times:1
Send POST https://api.jpush.cn/v3/push, body:{"platform":["ios","android"],"audience":"all","message":{"msg_content":"message content","title":"\u7248\u672c\u66f4\u65b0","content_type":"text","extras":{"identity":"MARKING"}}}, times:1
Send POST https://api.jpush.cn/v3/push, body:{"platform":["ios","android"],"audience":"all","message":{"msg_content":"message content","title":"\u7248\u672c\u66f4\u65b0","content_type":"text","extras":{"identity":"MARKING"}}}, times:1
Send POST https://api.jpush.cn/v3/push, body:{"platform":["ios","android"],"audience":{"tag":["tag1","tag2"],"alias":["alias"]},"notification":{"alert":"Hi, JPush","android":{"alert":"Hello Android","title":"hello jpush","build_id":2,"extras":{"key":"value","0":"jiguang"}},"ios":{"alert":"Hello IOS","sound":"hello jpush","badge":2,"content-available":true,"category":"jiguang","extras":{"key":"value","0":"jiguang"}}},"message":{"msg_content":"message content","title":"hello jpush","content_type":"text","extras":{"key":"value","0":"jiguang"}},"options":{"sendno":100,"time_to_live":100,"apns_production":false,"big_push_duration":100}}, times:1
Send POST https://api.jpush.cn/v3/push, body:{"platform":["ios","android"],"audience":{"tag":["tag1","tag2"],"alias":["alias"]},"notification":{"alert":"Hi, JPush","android":{"alert":"Hello Android","title":"hello jpush","build_id":2,"extras":{"key":"value","0":"jiguang"}},"ios":{"alert":"Hello IOS","sound":"hello jpush","badge":2,"content-available":true,"category":"jiguang","extras":{"key":"value","0":"jiguang"}}},"message":{"msg_content":"message content","title":"hello jpush","content_type":"text","extras":{"key":"value","0":"jiguang"}},"options":{"sendno":100,"time_to_live":100,"apns_production":false,"big_push_duration":100}}, times:1
Send POST https://api.jpush.cn/v3/push, body:{"platform":["ios","android"],"audience":{"tag":["tag1","tag2"],"alias":["alias"]},"notification":{"alert":"Hi, JPush","android":{"alert":"Hello Android","title":"hello jpush","build_id":2,"extras":{"key":"value","0":"jiguang"}},"ios":{"alert":"Hello IOS","sound":"hello jpush","badge":2,"content-available":true,"category":"jiguang","extras":{"key":"value","0":"jiguang"}}},"message":{"msg_content":"message content","title":"hello jpush","content_type":"text","extras":{"key":"value","0":"jiguang"}},"options":{"sendno":10,"time_to_live":100,"apns_production":false,"big_push_duration":100}}, times:1
Send POST https://api.jpush.cn/v3/push, body:{"platform":["ios","android"],"audience":{"tag":["tag1","tag2"],"alias":["alias"]},"notification":{"alert":"Hi, JPush","android":{"alert":"Hello Android","title":"hello jpush","build_id":2,"extras":{"key":"value","0":"jiguang"}},"ios":{"alert":"Hello IOS","sound":"hello jpush","badge":2,"content-available":true,"category":"jiguang","extras":{"key":"value","0":"jiguang"}}},"message":{"msg_content":"message content","title":"hello jpush","content_type":"text","extras":{"key":"value","0":"jiguang"}},"options":{"sendno":100,"time_to_live":100,"apns_production":false,"big_push_duration":100}}, times:1
Send POST https://api.jpush.cn/v3/push, body:{"platform":["ios","android"],"audience":{"tag":["tag1","tag2"],"alias":["alias"]},"notification":{"alert":"Hi, JPush","android":{"alert":"Hello Android","title":"hello jpush","build_id":2,"extras":{"key":"value","0":"jiguang"}},"ios":{"alert":"Hello IOS","sound":"hello jpush","badge":2,"content-available":true,"category":"jiguang","extras":{"key":"value","0":"jiguang"}}},"message":{"msg_content":"message content","title":"hello jpush","content_type":"text","extras":{"key":"value","0":"jiguang"}},"options":{"sendno":100,"time_to_live":100,"apns_production":false,"big_push_duration":100}}, times:1
Send POST https://api.jpush.cn/v3/push, body:{"platform":["ios","android"],"audience":{"tag":["tag1","tag2"],"alias":["alias"]},"notification":{"alert":"Hi, JPush","android":{"alert":"Hello Android","title":"hello jpush","build_id":2,"extras":{"key":"value","0":"jiguang"}},"ios":{"alert":"Hello IOS","sound":"hello jpush","badge":2,"content-available":true,"category":"jiguang","extras":{"key":"value","0":"jiguang"}}},"message":{"msg_content":"message content","title":"hello jpush","content_type":"text","extras":{"key":"value","0":"jiguang"}},"options":{"sendno":100,"time_to_live":100,"apns_production":false,"big_push_duration":100}}, times:1
Send POST https://api.jpush.cn/v3/push, body:{"platform":["ios","android"],"audience":{"tag":["tag1","tag2"],"alias":["alias"]},"notification":{"alert":"Hi, JPush","android":{"alert":"Hello Android","title":"hello jpush","build_id":2,"extras":{"key":"value","0":"jiguang"}},"ios":{"alert":"Hello IOS","sound":"hello jpush","badge":2,"content-available":true,"category":"jiguang","extras":{"key":"value","0":"jiguang"}}},"message":{"msg_content":"message content","title":"hello jpush","content_type":"text","extras":{"key":"value","0":"jiguang"}},"options":{"sendno":100,"time_to_live":100,"apns_production":false,"big_push_duration":100}}, times:1
Send POST https://api.jpush.cn/v3/push, body:{"platform":["ios","android"],"audience":{"tag":["tag1","tag2"],"alias":["alias"]},"notification":{"alert":"Hi, JPush","android":{"alert":"Hello Android","title":"hello jpush","build_id":2,"extras":{"key":"value","0":"jiguang"}},"ios":{"alert":"Hello IOS","sound":"hello jpush","badge":2,"content-available":true,"category":"jiguang","extras":{"key":"value","0":"jiguang"}}},"message":{"msg_content":"message content","title":"hello jpush","content_type":"text","extras":{"key":"value","0":"jiguang"}},"options":{"sendno":100,"time_to_live":100,"apns_production":false,"big_push_duration":100}}, times:1
Send POST https://api.jpush.cn/v3/push, body:{"platform":["ios","android"],"audience":{"tag":["tag1","tag2"],"alias":["alias"]},"notification":{"alert":"Hi, JPush","android":{"alert":"Hello Android","title":"hello jpush","build_id":2,"extras":{"key":"value","0":"jiguang"}},"ios":{"alert":"Hello IOS","sound":"hello jpush","badge":2,"content-available":true,"category":"jiguang","extras":{"key":"value","0":"jiguang"}}},"message":{"msg_content":"message content","title":"hello jpush","content_type":"text","extras":{"key":"value","0":"jiguang"}},"options":{"sendno":100,"time_to_live":100,"apns_production":false,"big_push_duration":100}}, times:1
Send POST https://api.jpush.cn/v3/push, body:{"platform":["ios","android"],"audience":{"tag":["tag1","tag2"],"alias":["alias"]},"notification":{"alert":"Hi, JPushwxm","android":{"alert":"Hello Android","title":"hello jpush","build_id":2,"extras":{"key":"value","0":"jiguang"}},"ios":{"alert":"Hello IOS","sound":"hello jpush","badge":2,"content-available":true,"category":"jiguang","extras":{"key":"value","0":"jiguang"}}},"options":{"sendno":100,"time_to_live":100,"apns_production":false,"big_push_duration":100}}, times:1
Send POST https://api.jpush.cn/v3/push, body:{"platform":["ios","android"],"audience":{"tag":["tag1","tag2"],"alias":["alias"]},"notification":{"alert":"Hi, JPushwxm","android":{"alert":"Hello Android","title":"hello jpush","build_id":2,"extras":{"key":"value","0":"jiguang"}},"ios":{"alert":"Hello IOS","sound":"hello jpush","badge":2,"content-available":true,"category":"jiguang","extras":{"key":"value","0":"jiguang"}}},"options":{"sendno":100,"time_to_live":100,"apns_production":false,"big_push_duration":100}}, times:1
Send POST https://api.jpush.cn/v3/push, body:{"platform":["ios","android"],"audience":"all","message":{"msg_content":"message content","title":"\u7248\u672c\u66f4\u65b0","content_type":"text","extras":{"identity":"MARKING"}}}, times:1
Send POST https://api.jpush.cn/v3/push, body:{"platform":["ios","android"],"audience":"all","message":{"msg_content":"message content","title":"\u7248\u672c\u66f4\u65b0","content_type":"text","extras":{"identity":"MARKING"}}}, times:1
Send POST https://api.jpush.cn/v3/push, body:{"platform":["ios","android"],"audience":"all","message":{"msg_content":"message content","title":"\u7248\u672c\u66f4\u65b0","content_type":"text","extras":{"identity":"MARKING"}}}, times:1
Send POST https://api.jpush.cn/v3/push, body:{"platform":["ios","android"],"audience":{"tag":["tag1","tag2"],"alias":["alias"]},"notification":{"alert":"Hi, JPushwxm","android":{"alert":"Hello Android","title":"hello jpush","build_id":2,"extras":{"key":"value","0":"jiguang"}},"ios":{"alert":"Hello IOS","sound":"hello jpush","badge":2,"content-available":true,"category":"jiguang","extras":{"key":"value","0":"jiguang"}}},"options":{"sendno":100,"time_to_live":100,"apns_production":true,"big_push_duration":100}}, times:1
Send POST https://api.jpush.cn/v3/push, body:{"platform":["ios","android"],"audience":{"alias":["107"]},"notification":{"alert":"Hi, JPushwxm","android":{"alert":"Hello Android","title":"hello jpush","build_id":2,"extras":{"key":"value","0":"jiguang"}},"ios":{"alert":"Hello IOS","sound":"hello jpush","badge":2,"content-available":true,"category":"jiguang","extras":{"key":"value","0":"jiguang"}}},"options":{"sendno":100,"time_to_live":100,"apns_production":true,"big_push_duration":100}}, times:1
Send POST https://api.jpush.cn/v3/push, body:{"platform":["ios","android"],"audience":"all","notification":{"alert":"go you ood luck t, JPushwxm","ios":{"alert":"Hello IOS","badge":2,"content-available":true,"category":"jiguang","extras":{"key":"value","0":"jiguang"},"sound":""}},"options":{"apns_production":true}}, times:1
Send POST https://api.jpush.cn/v3/push, body:{"platform":["ios","android"],"audience":"all","notification":{"alert":"go you ood luck t, JPushwxm"},"options":{"apns_production":true}}, times:1
Send POST https://api.jpush.cn/v3/push, body:{"platform":["ios","android"],"audience":"all","notification":{"alert":"go you ood luck t, JPushwxm"},"options":{"apns_production":false}}, times:1
Send POST https://api.jpush.cn/v3/push, body:{"platform":["ios","android"],"audience":"all","notification":{"alert":"go you ood luck t, JPushwxm"},"options":{"apns_production":false}}, times:1
Send POST https://api.jpush.cn/v3/push, body:{"platform":["ios","android"],"audience":"all","notification":{"alert":"go you ood luck t, JPushwxm"},"options":{"apns_production":false}}, times:1
Send POST https://api.jpush.cn/v3/push, body:{"platform":["ios","android"],"audience":"all","notification":{"alert":"go you ood luck t, JPushwxm"},"options":{"apns_production":false}}, times:1
Send POST https://api.jpush.cn/v3/push, body:{"platform":["ios","android"],"audience":"all","notification":{"alert":"go you ood luck t, JPushwxm"},"options":{"apns_production":false}}, times:1
Send POST https://api.jpush.cn/v3/push, body:{"platform":["ios","android"],"audience":"all","notification":{"alert":"go you ood luck t, JPushwxm"},"options":{"apns_production":false}}, times:1
Send POST https://api.jpush.cn/v3/push, body:{"platform":["ios","android"],"audience":"all","notification":{"alert":"go you ood luck t, JPushwxm"},"options":{"apns_production":false}}, times:1
Send POST https://api.jpush.cn/v3/push, body:{"platform":["ios","android"],"audience":"all","notification":{"alert":"go you ood luck t, JPushwxm"},"options":{"apns_production":false}}, times:1
Send POST https://api.jpush.cn/v3/push, body:{"platform":["ios","android"],"audience":"all","notification":{"alert":"go you ood luck t, JPushwxm"},"options":{"apns_production":false}}, times:1
Send POST https://api.jpush.cn/v3/push, body:{"platform":["ios","android"],"audience":{"alias":["alias"]},"notification":{"android":{"alert":"Hello Android","title":"hello jpush","build_id":2,"extras":{"key":"value","0":"jiguang"}},"ios":{"alert":"Hello IOS","sound":"default","badge":2,"content-available":true,"category":"jiguang","extras":{"key":"value","0":"jiguang"}}},"options":{"sendno":100,"time_to_live":100,"apns_production":false,"big_push_duration":100}}, times:1
Send POST https://api.jpush.cn/v3/push, body:{"platform":["ios","android"],"audience":{"alias":["alias"]},"notification":{"android":{"alert":"Hello Android","title":"hello jpush","build_id":2,"extras":{"key":"value","0":"jiguang"}},"ios":{"alert":"Hello IOS","sound":"default","badge":2,"content-available":true,"category":"jiguang","extras":{"key":"value","0":"jiguang"}}},"options":{"sendno":100,"time_to_live":100,"apns_production":false,"big_push_duration":100}}, times:1
Send POST https://api.jpush.cn/v3/push, body:{"platform":["ios","android"],"audience":{"alias":["alias"]},"notification":{"android":{"alert":"Hello Android","title":"hello jpush","build_id":2,"extras":{"key":"value","0":"jiguang"}},"ios":{"alert":"Hello IOS","sound":"default","badge":2,"content-available":true,"category":"jiguang","extras":{"key":"value","0":"jiguang"}}},"options":{"sendno":100,"time_to_live":100,"apns_production":false,"big_push_duration":100}}, times:1
Send POST https://api.jpush.cn/v3/push, body:{"platform":["ios","android"],"audience":"all","notification":{"android":{"alert":"Hello Android","title":"hello jpush","build_id":2,"extras":{"key":"value","0":"jiguang"}},"ios":{"alert":"Hello IOS","sound":"default","badge":2,"content-available":true,"category":"jiguang","extras":{"key":"value","0":"jiguang"}}},"options":{"apns_production":false}}, times:1
Send POST https://api.jpush.cn/v3/push, body:{"platform":["ios","android"],"audience":"all","notification":{"android":{"alert":"Hello Android","title":"hello jpush","build_id":2,"extras":{"key":"value","0":"jiguang"}},"ios":{"alert":"Hello IOS","sound":"default","badge":2,"content-available":true,"category":"jiguang","extras":{"key":"value","0":"jiguang"}}},"options":{"apns_production":false}}, times:1
Send POST https://api.jpush.cn/v3/push, body:{"platform":["ios","android"],"audience":"all","notification":{"android":{"alert":"Hello Android","title":"hello jpush","build_id":2,"extras":{"key":"value","0":"jiguang"}},"ios":{"alert":"Hello IOS","sound":"default","badge":2,"content-available":true,"category":"jiguang","extras":{"key":"value","0":"jiguang"}}},"options":{"apns_production":false}}, times:1
Send POST https://api.jpush.cn/v3/push, body:{"platform":["ios","android"],"audience":"all","notification":{"android":{"alert":"Hello Android","title":"hello jpush","build_id":2,"extras":{"key":"value","0":"jiguang"}},"ios":{"alert":"Hello IOS","sound":"default","badge":2,"content-available":true,"category":"jiguang","extras":{"key":"value","0":"jiguang"}}},"options":{"apns_production":false}}, times:1
Send POST https://api.jpush.cn/v3/push, body:{"platform":["ios","android"],"audience":"all","notification":{"android":{"alert":"Hello Android","title":"hello jpush","build_id":2,"extras":{"key":"value","0":"jiguang"}},"ios":{"alert":"Hello IOS","sound":"default","badge":2,"content-available":true,"category":"jiguang","extras":{"key":"value","0":"jiguang"}}},"options":{"apns_production":false}}, times:1
Send POST https://api.jpush.cn/v3/push, body:{"platform":["ios","android"],"audience":"all","notification":{"android":{"alert":"Hello Android","title":"hello jpush","build_id":2,"extras":{"key":"value","0":"jiguang"}},"ios":{"alert":"Hello IOS","sound":"default","badge":2,"content-available":true,"category":"jiguang","extras":{"bookID":"1","0":"jiguang"}}},"options":{"apns_production":false}}, times:1
Send POST https://api.jpush.cn/v3/push, body:{"platform":["ios","android"],"audience":"all","notification":{"android":{"alert":"Hello Android","title":"hello jpush","build_id":2,"extras":{"key":"value","0":"jiguang"}},"ios":{"alert":"Hello IOS","sound":"default","badge":2,"content-available":true,"category":"jiguang","extras":{"bookID":"1"}}},"options":{"apns_production":false}}, times:1
Send POST https://api.jpush.cn/v3/push, body:{"platform":["ios","android"],"audience":"all","notification":{"android":{"alert":"Hello Android","title":"hello jpush","build_id":2,"extras":{"key":"value","0":"jiguang"}},"ios":{"alert":"Hello IOS","sound":"default","badge":2,"content-available":true,"category":"jiguang","extras":{"identity":"VERSION","version":"1.0.0"}}},"options":{"apns_production":false}}, times:1
Send POST https://api.jpush.cn/v3/push, body:{"platform":["ios","android"],"audience":"all","notification":{"android":{"alert":"Hello Android","title":"hello jpush","build_id":2,"extras":{"key":"value","0":"jiguang"}},"ios":{"alert":"Hello IOS","sound":"default","badge":2,"content-available":true}},"options":{"apns_production":false}}, times:1
Send POST https://api.jpush.cn/v3/push, body:{"platform":["ios","android"],"audience":"all","notification":{"android":{"alert":"Hello Android","title":"hello jpush","build_id":2,"extras":{"key":"value","0":"jiguang"}},"ios":{"alert":"Hello IOS","sound":"default","badge":2,"content-available":true}},"options":{"apns_production":false}}, times:1
Send POST https://api.jpush.cn/v3/push, body:{"platform":["ios","android"],"audience":"all","notification":{"android":{"alert":"Hello Android","title":"hello jpush","build_id":2,"extras":{"key":"value","0":"jiguang"}},"ios":{"alert":"Hello IOS","sound":"default","badge":2,"content-available":true,"category":"jiguang","extras":{"identity":"NEW-BOOK","bookID":"1"}}},"options":{"apns_production":false}}, times:1
Send POST https://api.jpush.cn/v3/schedules, body:{"name":"\u6bcf\u592914\u70b9\u53d1\u9001\u7684\u5b9a\u65f6\u4efb\u52a1","enabled":true,"trigger":{"single":{"time":"2016-3-22 13:45:00"}},"push":{"platform":"all","audience":"all","notification":{"alert":"Hi, \u8fd9\u662f\u4e00\u6761\u5b9a\u65f6\u53d1\u9001\u7684\u6d88\u606f"}}}, times:1
Send POST https://api.jpush.cn/v3/schedules, body:{"name":"\u6bcf\u592914\u70b9\u53d1\u9001\u7684\u5b9a\u65f6\u4efb\u52a1","enabled":true,"trigger":{"periodical":{"start":"2016-2-22 11:27:00","end":"2016-12-25 13:45:00","time":"14:00:00","time_unit":"DAY","frequency":1}},"push":{"platform":"all","audience":"all","notification":{"alert":"Hi, \u8fd9\u662f\u4e00\u6761\u5b9a\u65f6\u53d1\u9001\u7684\u6d88\u606f"}}}, times:1
Send POST https://api.jpush.cn/v3/schedules, body:{"name":"\u6bcf\u592914\u70b9\u53d1\u9001\u7684\u5b9a\u65f6\u4efb\u52a1","enabled":true,"trigger":{"periodical":{"start":"2016-2-22 11:27:00","end":"2016-12-25 13:45:00","time":"11:29:00","time_unit":"DAY","frequency":1}},"push":{"platform":"all","audience":"all","notification":{"alert":"Hi, \u8fd9\u662f\u4e00\u6761\u5b9a\u65f6\u53d1\u9001\u7684\u6d88\u606f"}}}, times:1
Send POST https://api.jpush.cn/v3/schedules, body:{"name":"\u6bcf\u592914\u70b9\u53d1\u9001\u7684\u5b9a\u65f6\u4efb\u52a1","enabled":true,"trigger":{"periodical":{"start":"2016-2-22 11:27:00","end":"2016-12-25 13:45:00","time":"11:35:00","time_unit":"DAY","frequency":1}},"push":{"platform":"all","audience":"all","notification":{"alert":"Hi, \u8fd9\u662f\u4e00\u6761\u5b9a\u65f6\u53d1\u9001\u7684\u6d88\u606f"}}}, times:1
Send POST https://api.jpush.cn/v3/schedules, body:{"name":"\u6bcf\u592914\u70b9\u53d1\u9001\u7684\u5b9a\u65f6\u4efb\u52a1","enabled":true,"trigger":{"single":{"time":"2016-12-22 13:45:00"}},"push":{"platform":"all","audience":"all","notification":{"alert":"Hi, \u8fd9\u662f\u4e00\u6761\u5b9a\u65f6\u53d1\u9001\u7684\u6d88\u606f"}}}, times:1
Send POST https://api.jpush.cn/v3/schedules, body:{"name":"\u6bcf\u592914\u70b9\u53d1\u9001\u7684\u5b9a\u65f6\u4efb\u52a1","enabled":true,"trigger":{"periodical":{"start":"2016-12-22 13:45:00","end":"2016-12-25 13:45:00","time":"14:00:00","time_unit":"DAY","frequency":1}},"push":{"platform":"all","audience":"all","notification":{"alert":"Hi, \u8fd9\u662f\u4e00\u6761\u5b9a\u65f6\u53d1\u9001\u7684\u6d88\u606f"}}}, times:1
Send POST https://api.jpush.cn/v3/schedules, body:{"name":"\u6bcf\u592914\u70b9\u53d1\u9001\u7684\u5b9a\u65f6\u4efb\u52a1","enabled":true,"trigger":{"single":{"time":"2016-12-22 13:45:00"}},"push":{"platform":"all","audience":"all","notification":{"alert":"Hi, \u8fd9\u662f\u4e00\u6761\u5b9a\u65f6\u53d1\u9001\u7684\u6d88\u606f"}}}, times:1
Send POST https://api.jpush.cn/v3/schedules, body:{"name":"\u6bcf\u592914\u70b9\u53d1\u9001\u7684\u5b9a\u65f6\u4efb\u52a1","enabled":true,"trigger":{"periodical":{"start":"2016-12-22 13:45:00","end":"2016-12-25 13:45:00","time":"11:42:00","time_unit":"DAY","frequency":1}},"push":{"platform":"all","audience":"all","notification":{"alert":"Hi, \u8fd9\u662f\u4e00\u6761\u5b9a\u65f6\u53d1\u9001\u7684\u6d88\u606f"}}}, times:1
Send POST https://api.jpush.cn/v3/schedules, body:{"name":"\u6bcf\u592914\u70b9\u53d1\u9001\u7684\u5b9a\u65f6\u4efb\u52a1","enabled":true,"trigger":{"single":{"time":"2016-12-22 13:45:00"}},"push":{"platform":"all","audience":"all","notification":{"alert":"Hi, \u8fd9\u662f\u4e00\u6761\u5b9a\u65f6\u53d1\u9001\u7684\u6d88\u606f"}}}, times:1
Send POST https://api.jpush.cn/v3/schedules, body:{"name":"\u6bcf\u592914\u70b9\u53d1\u9001\u7684\u5b9a\u65f6\u4efb\u52a1","enabled":true,"trigger":{"periodical":{"start":"2016-1-22 13:45:00","end":"2016-12-25 13:45:00","time":"11:42:00","time_unit":"DAY","frequency":1}},"push":{"platform":"all","audience":"all","notification":{"alert":"Hi, \u8fd9\u662f\u4e00\u6761\u5b9a\u65f6\u53d1\u9001\u7684\u6d88\u606f"}}}, times:1
Send POST https://api.jpush.cn/v3/schedules, body:{"name":"\u6bcf\u592914\u70b9\u53d1\u9001\u7684\u5b9a\u65f6\u4efb\u52a1","enabled":true,"trigger":{"single":{"time":"2016-12-22 13:45:00"}},"push":{"platform":"all","audience":"all","notification":{"alert":"Hi, \u8fd9\u662f\u4e00\u6761\u5b9a\u65f6\u53d1\u9001\u7684\u6d88\u606f"}}}, times:1
Send POST https://api.jpush.cn/v3/schedules, body:{"name":"\u6bcf\u592914\u70b9\u53d1\u9001\u7684\u5b9a\u65f6\u4efb\u52a1","enabled":true,"trigger":{"periodical":{"start":"2016-1-22 13:45:00","end":"2016-12-25 13:45:00","time":"11:42:00","time_unit":"DAY","frequency":1}},"push":{"platform":"all","audience":"all","notification":{"alert":"Hi, \u8fd9\u662f\u4e00\u6761\u5b9a\u65f6\u53d1\u9001\u7684\u6d88\u606f"}}}, times:1
Send POST https://api.jpush.cn/v3/schedules, body:{"name":"\u6bcf\u592914\u70b9\u53d1\u9001\u7684\u5b9a\u65f6\u4efb\u52a1","enabled":true,"trigger":{"single":{"time":"2016-12-22 13:45:00"}},"push":{"platform":"all","audience":"all","notification":{"alert":"Hi, \u8fd9\u662f\u4e00\u6761\u5b9a\u65f6\u53d1\u9001\u7684\u6d88\u606f"}}}, times:1
Send POST https://api.jpush.cn/v3/schedules, body:{"name":"\u6bcf\u592914\u70b9\u53d1\u9001\u7684\u5b9a\u65f6\u4efb\u52a1","enabled":true,"trigger":{"periodical":{"start":"2016-1-22 13:45:00","end":"2016-12-25 13:45:00","time":"11:42:00","time_unit":"DAY","frequency":1}},"push":{"platform":"all","audience":"all","notification":{"alert":"Hi, \u8fd9\u662f\u4e00\u6761\u5b9a\u65f6\u53d1\u9001\u7684\u6d88\u606f"}}}, times:1
Send POST https://api.jpush.cn/v3/schedules, body:{"name":"\u6bcf\u592914\u70b9\u53d1\u9001\u7684\u5b9a\u65f6\u4efb\u52a1","enabled":true,"trigger":{"single":{"time":"2016-12-22 13:45:00"}},"push":{"platform":"all","audience":"all","notification":{"alert":"Hi, \u8fd9\u662f\u4e00\u6761\u5b9a\u65f6\u53d1\u9001\u7684\u6d88\u606f"}}}, times:1
Send POST https://api.jpush.cn/v3/schedules, body:{"name":"\u6bcf\u592914\u70b9\u53d1\u9001\u7684\u5b9a\u65f6\u4efb\u52a1","enabled":true,"trigger":{"periodical":{"start":"2016-1-22 13:45:00","end":"2016-12-25 13:45:00","time":"11:42:00","time_unit":"DAY","frequency":1}},"push":{"platform":"all","audience":"all","notification":{"alert":"Hi, \u8fd9\u662f\u4e00\u6761\u5b9a\u65f6\u53d1\u9001\u7684\u6d88\u606f"}}}, times:1
Send POST https://api.jpush.cn/v3/schedules, body:{"name":"\u6bcf\u592914\u70b9\u53d1\u9001\u7684\u5b9a\u65f6\u4efb\u52a1","enabled":true,"trigger":{"single":{"time":"2016-12-22 13:45:00"}},"push":{"platform":"all","audience":"all","notification":{"alert":"Hi, \u8fd9\u662f\u4e00\u6761\u5b9a\u65f6\u53d1\u9001\u7684\u6d88\u606f"}}}, times:1
Send POST https://api.jpush.cn/v3/schedules, body:{"name":"\u6bcf\u592914\u70b9\u53d1\u9001\u7684\u5b9a\u65f6\u4efb\u52a1","enabled":true,"trigger":{"periodical":{"start":"2016-1-22 13:45:00","end":"2016-12-25 13:45:00","time":"11:45:00","time_unit":"DAY","frequency":1}},"push":{"platform":"all","audience":"all","notification":{"alert":"Hi, \u8fd9\u662f\u4e00\u6761\u5b9a\u65f6\u53d1\u9001\u7684\u6d88\u606f"}}}, times:1
Send POST https://api.jpush.cn/v3/schedules, body:{"name":"\u6bcf\u592914\u70b9\u53d1\u9001\u7684\u5b9a\u65f6\u4efb\u52a1","enabled":true,"trigger":{"single":{"time":"2016-12-22 13:45:00"}},"push":{"platform":["ios","android"],"audience":"all","notification":{"alert":"Hi, \u8fd9\u662f\u4e00\u6761\u5b9a\u65f6\u53d1\u9001\u7684\u6d88\u606f"}}}, times:1
Send POST https://api.jpush.cn/v3/schedules, body:{"name":"\u6bcf\u592914\u70b9\u53d1\u9001\u7684\u5b9a\u65f6\u4efb\u52a1","enabled":true,"trigger":{"periodical":{"start":"2016-1-22 13:45:00","end":"2016-12-25 13:45:00","time":"11:45:00","time_unit":"DAY","frequency":1}},"push":{"platform":["ios","android"],"audience":"all","notification":{"alert":"Hi, \u8fd9\u662f\u4e00\u6761\u5b9a\u65f6\u53d1\u9001\u7684\u6d88\u606f"}}}, times:1
Send POST https://api.jpush.cn/v3/schedules, body:{"name":"\u6bcf\u592914\u70b9\u53d1\u9001\u7684\u5b9a\u65f6\u4efb\u52a1","enabled":true,"trigger":{"single":{"time":"2016-1-22 13:45:00"}},"push":{"platform":["ios","android"],"audience":"all","notification":{"alert":"Hi, \u8fd9\u662f\u4e00\u6761\u5b9a\u65f6\u53d1\u9001\u7684\u6d88\u606f"}}}, times:1
Send POST https://api.jpush.cn/v3/schedules, body:{"name":"\u6bcf\u592914\u70b9\u53d1\u9001\u7684\u5b9a\u65f6\u4efb\u52a1","enabled":true,"trigger":{"single":{"time":"2016-8-23 11:45:00"}},"push":{"platform":["ios","android"],"audience":"all","notification":{"alert":"Hi, \u8fd9\u662f\u4e00\u6761\u5b9a\u65f6\u53d1\u9001\u7684\u6d88\u606f"}}}, times:1
Send POST https://api.jpush.cn/v3/schedules, body:{"name":"\u6bcf\u592914\u70b9\u53d1\u9001\u7684\u5b9a\u65f6\u4efb\u52a1","enabled":true,"trigger":{"single":{"time":"2016-8-23 11:45:00"}},"push":{"platform":["ios","android"],"audience":"all","notification":{"alert":"Hi, \u8fd9\u662f\u4e00\u6761\u5b9a\u65f6\u53d1\u9001\u7684\u6d88\u606f"}}}, times:1
Send POST https://api.jpush.cn/v3/schedules, body:{"name":"\u6bcf\u592914\u70b9\u53d1\u9001\u7684\u5b9a\u65f6\u4efb\u52a1","enabled":true,"trigger":{"single":{"time":"2016-8-23 11:47:00"}},"push":{"platform":["ios","android"],"audience":"all","notification":{"alert":"Hi, \u8fd9\u662f\u4e00\u6761\u5b9a\u65f6\u53d1\u9001\u7684\u6d88\u606f"}}}, times:1
Send POST https://api.jpush.cn/v3/schedules, body:{"name":"\u6bcf\u592914\u70b9\u53d1\u9001\u7684\u5b9a\u65f6\u4efb\u52a1","enabled":true,"trigger":{"single":{"time":"2016-8-23 11:47:00"}},"push":{"platform":["ios","android"],"audience":"all","notification":{"alert":"Hi, \u8fd9\u662f\u4e00\u6761\u5b9a\u65f6\u53d1\u9001\u7684\u6d88\u606f"}}}, times:1
Send POST https://api.jpush.cn/v3/schedules, body:{"name":"\u6bcf\u592914\u70b9\u53d1\u9001\u7684\u5b9a\u65f6\u4efb\u52a1","enabled":true,"trigger":{"single":{"time":"2016-8-23 11:47:00"}},"push":{"platform":["ios","android"],"audience":"all","notification":{"alert":"Hi, \u8fd9\u662f\u4e00\u6761\u5b9a\u65f6\u53d1\u9001\u7684\u6d88\u606f"}}}, times:1
Send POST https://api.jpush.cn/v3/push, body:{"platform":["ios","android"],"audience":"all","message":{"msg_content":"message content","title":"\u7248\u672c\u66f4\u65b0","content_type":"text","extras":{"identity":"MARKING"}}}, times:1
Send POST https://api.jpush.cn/v3/schedules, body:{"name":"\u6bcf\u592914\u70b9\u53d1\u9001\u7684\u5b9a\u65f6\u4efb\u52a1","enabled":true,"trigger":{"single":{"time":"2016-8-23 11:47:00"}},"push":{"platform":["ios","android"],"audience":"all","notification":{"alert":"Hi, \u8fd9\u662f\u4e00\u6761\u5b9a\u65f6\u53d1\u9001\u7684\u6d88\u606f"}}}, times:1
Send POST https://api.jpush.cn/v3/push, body:{"platform":["ios","android"],"audience":"all","notification":{"android":{"alert":"Hello Android","title":"hello jpush","build_id":2,"extras":{"key":"value","0":"jiguang"}},"ios":{"alert":"Hello IOS","sound":"default","badge":2,"content-available":true,"category":"jiguang","extras":{"identity":"NEW-BOOK","bookID":"1"}}},"options":{"apns_production":false}}, times:1
Send POST https://api.jpush.cn/v3/push, body:{"platform":["ios","android"],"audience":"all","notification":{"android":{"alert":"Hello Android","title":"hello jpush","build_id":2,"extras":{"key":"value","0":"jiguang"}},"ios":{"alert":"Hello IOS","sound":"default","badge":2,"content-available":true,"category":"jiguang","extras":{"identity":"NEW-BOOK","bookID":"1"}}},"options":{"apns_production":false}}, times:1
Send POST https://api.jpush.cn/v3/push, body:{"platform":["ios","android"],"audience":"all","notification":{"android":{"alert":"Hello Android","title":"hello jpush","build_id":2,"extras":{"key":"value","0":"jiguang"}},"ios":{"alert":"Hello IOS","sound":"default","badge":2,"content-available":true,"category":"jiguang","extras":{"identity":"NEW-BOOK","bookID":"1"}}},"options":{"apns_production":false}}, times:1
Send POST https://api.jpush.cn/v3/schedules, body:{"name":"\u6bcf\u592914\u70b9\u53d1\u9001\u7684\u5b9a\u65f6\u4efb\u52a1","enabled":true,"trigger":{"single":{"time":"2016-8-23 14:17:00"}},"push":{"platform":["ios","android"],"audience":"all","notification":{"alert":"Hi, \u8fd9\u662f\u4e00\u6761\u5b9a\u65f6\u53d1\u9001\u7684\u6d88\u606f"}}}, times:1
Send POST https://api.jpush.cn/v3/schedules, body:{"name":"\u6bcf\u592914\u70b9\u53d1\u9001\u7684\u5b9a\u65f6\u4efb\u52a1","enabled":true,"trigger":{"single":{"time":"2016-8-23 14:17:00"}},"push":{"platform":["ios","android"],"audience":"all","notification":{"alert":"Hi, \u8fd9\u662f\u4e00\u6761\u5b9a\u65f6\u53d1\u9001\u7684\u6d88\u606f"}}}, times:1
Send POST https://api.jpush.cn/v3/schedules, body:{"name":"\u6bcf\u592914\u70b9\u53d1\u9001\u7684\u5b9a\u65f6\u4efb\u52a1","enabled":true,"trigger":{"single":{"time":"2016-8-23 14:17:00"}},"push":{"platform":["ios","android"],"audience":"all","notification":{"alert":"Hi, \u8fd9\u662f\u4e00\u6761\u5b9a\u65f6\u53d1\u9001\u7684\u6d88\u606f"}}}, times:1
Send POST https://api.jpush.cn/v3/schedules, body:{"name":"\u6bcf\u592914\u70b9\u53d1\u9001\u7684\u5b9a\u65f6\u4efb\u52a1","enabled":true,"trigger":{"single":{"time":"2016-8-23 14:24:10"}},"push":{"platform":["ios","android"],"audience":"all","notification":{"alert":"Hi, \u8fd9\u662f\u4e00\u6761\u5b9a\u65f6\u53d1\u9001\u7684\u6d88\u606f"}}}, times:1
Send POST https://api.jpush.cn/v3/schedules, body:{"name":"\u6bcf\u592914\u70b9\u53d1\u9001\u7684\u5b9a\u65f6\u4efb\u52a1","enabled":true,"trigger":{"single":{"time":"2016-8-23 14:30:10"}},"push":{"platform":["ios","android"],"audience":"all","notification":{"alert":"Hi, \u8fd9\u662f\u4e00\u6761\u5b9a\u65f6\u53d1\u9001\u7684\u6d88\u606fwww"}}}, times:1
Send POST https://api.jpush.cn/v3/schedules, body:{"name":"\u6bcf\u592914\u70b9\u53d1\u9001\u7684\u5b9a\u65f6\u4efb\u52a1","enabled":true,"trigger":{"single":{"time":"2016-8-23 14:31:10"}},"push":{"platform":["ios","android"],"audience":"all","notification":{"alert":"Hi, \u8fd9\u662f\u4e00\u6761\u5b9a\u65f6\u53d1\u9001\u7684\u6d88\u606fwww"}}}, times:1
Send POST https://api.jpush.cn/v3/schedules, body:{"name":"\u6bcf\u592914\u70b9\u53d1\u9001\u7684\u5b9a\u65f6\u4efb\u52a1","enabled":true,"trigger":{"single":{"time":"2016-8-23 14:37:10"}},"push":{"platform":["ios","android"],"audience":"all","notification":{"alert":"Hi, \u8fd9\u662f\u4e00\u6761\u5b9a\u65f6\u53d1\u9001\u7684\u6d88\u606fwww"}}}, times:1
Send POST https://api.jpush.cn/v3/schedules, body:{"name":"\u6bcf\u592914\u70b9\u53d1\u9001\u7684\u5b9a\u65f6\u4efb\u52a1","enabled":true,"trigger":{"single":{"time":"2016-8-23 14:53:10"}},"push":{"platform":["ios","android"],"audience":"all","notification":{"alert":"Hi, \u8fd9\u662f\u4e00\u6761\u5b9a\u65f6\u53d1\u9001\u7684\u6d88\u606fwww"},"options":{"apns_production":false}}}, times:1
Send POST https://api.jpush.cn/v3/schedules, body:{"name":"\u6bcf\u592914\u70b9\u53d1\u9001\u7684\u5b9a\u65f6\u4efb\u52a1","enabled":true,"trigger":{"single":{"time":"2016-8-23 14:55:10"}},"push":{"platform":["ios","android"],"audience":"all","notification":{"alert":"Hi, \u8fd9\u662f\u4e00\u6761\u5b9a\u65f6\u53d1\u9001\u7684\u6d88\u606fwww"},"options":{"apns_production":false}}}, times:1
Send POST https://api.jpush.cn/v3/schedules, body:{"name":"\u6bcf\u592914\u70b9\u53d1\u9001\u7684\u5b9a\u65f6\u4efb\u52a1","enabled":true,"trigger":{"single":{"time":"2016-8-23 14:59:10"}},"push":{"platform":["ios","android"],"audience":"all","notification":{"ios":{"alert":"Hello IOS","sound":"default","badge":2,"content-available":true,"category":"jiguang","extras":{"identity":"NEW-BOOK"}}},"options":{"apns_production":false}}}, times:1
Send POST https://api.jpush.cn/v3/schedules, body:{"name":"\u6bcf\u592914\u70b9\u53d1\u9001\u7684\u5b9a\u65f6\u4efb\u52a1","enabled":true,"trigger":{"single":{"time":"2016-8-23 14:60:10"}},"push":{"platform":["ios","android"],"audience":"all","notification":{"ios":{"alert":"Hello IOS","sound":"default","badge":2,"content-available":true,"category":"jiguang","extras":{"identity":"NEW-BOOK"}}},"options":{"apns_production":false}}}, times:1
Send POST https://api.jpush.cn/v3/schedules, body:{"name":"\u6bcf\u592914\u70b9\u53d1\u9001\u7684\u5b9a\u65f6\u4efb\u52a1","enabled":true,"trigger":{"single":{"time":"2016-8-23 14:61:10"}},"push":{"platform":["ios","android"],"audience":"all","notification":{"ios":{"alert":"Hello IOS","sound":"default","badge":2,"content-available":true,"category":"jiguang","extras":{"identity":"NEW-BOOK"}}},"options":{"apns_production":false}}}, times:1
Send POST https://api.jpush.cn/v3/schedules, body:{"name":"\u6bcf\u592914\u70b9\u53d1\u9001\u7684\u5b9a\u65f6\u4efb\u52a1","enabled":true,"trigger":{"single":{"time":"2016-8-23 14:61:10"}},"push":{"platform":["ios","android"],"audience":"all","notification":{"ios":{"alert":"Hello IOS","sound":"default","badge":2,"content-available":true,"category":"jiguang","extras":{"identity":"NEW-BOOK"}}},"options":{"apns_production":false}}}, times:1
Send POST https://api.jpush.cn/v3/schedules, body:{"name":"\u6bcf\u592914\u70b9\u53d1\u9001\u7684\u5b9a\u65f6\u4efb\u52a1","enabled":true,"trigger":{"single":{"time":"2016-8-23 14:63:10"}},"push":{"platform":["ios","android"],"audience":"all","notification":{"ios":{"alert":"Hello IOS","sound":"default","badge":2,"content-available":true,"category":"jiguang","extras":{"identity":"NEW-BOOK"}}},"options":{"apns_production":false}}}, times:1
Send POST https://api.jpush.cn/v3/schedules, body:{"name":"\u6bcf\u592914\u70b9\u53d1\u9001\u7684\u5b9a\u65f6\u4efb\u52a1","enabled":true,"trigger":{"single":{"time":"2016-8-23 14:63:10"}},"push":{"platform":["ios","android"],"audience":"all","notification":{"ios":{"alert":"Hello IOS","sound":"default","badge":2,"content-available":true,"category":"jiguang","extras":{"identity":"NEW-BOOK"}}},"options":{"apns_production":false}}}, times:1
Send POST https://api.jpush.cn/v3/schedules, body:{"name":"\u6bcf\u592914\u70b9\u53d1\u9001\u7684\u5b9a\u65f6\u4efb\u52a1","enabled":true,"trigger":{"single":{"time":"2016-8-23 13:02:10"}},"push":{"platform":["ios","android"],"audience":"all","notification":{"android":{"alert":"Hello Android","title":"hello jpush","build_id":2,"extras":{"key":"value","0":"jiguang"}},"ios":{"alert":"Hello IOS","sound":"default","badge":2,"content-available":true,"category":"jiguang","extras":{"identity":"NEW-BOOK","bookID":"1"}}},"options":{"apns_production":false}}}, times:1
Send POST https://api.jpush.cn/v3/schedules, body:{"name":"\u6bcf\u592914\u70b9\u53d1\u9001\u7684\u5b9a\u65f6\u4efb\u52a1","enabled":true,"trigger":{"single":{"time":"2016-8-23 13:22:10"}},"push":{"platform":["ios","android"],"audience":"all","notification":{"android":{"alert":"Hello Android","title":"hello jpush","build_id":2,"extras":{"key":"value","0":"jiguang"}},"ios":{"alert":"Hello IOS","sound":"default","badge":2,"content-available":true,"category":"jiguang","extras":{"identity":"NEW-BOOK","bookID":"1"}}},"options":{"apns_production":false}}}, times:1
Send POST https://api.jpush.cn/v3/schedules, body:{"name":"\u6bcf\u592914\u70b9\u53d1\u9001\u7684\u5b9a\u65f6\u4efb\u52a1","enabled":true,"trigger":{"single":{"time":"2016-8-23 13:22:10"}},"push":{"platform":["ios","android"],"audience":"all","notification":{"android":{"alert":"Hello Android","title":"hello jpush","build_id":2,"extras":{"key":"value","0":"jiguang"}},"ios":{"alert":"Hello IOS","sound":"default","badge":2,"content-available":true,"category":"jiguang","extras":{"identity":"NEW-BOOK","bookID":"1"}}},"options":{"apns_production":false}}}, times:1
Send POST https://api.jpush.cn/v3/schedules, body:{"name":"\u6bcf\u592914\u70b9\u53d1\u9001\u7684\u5b9a\u65f6\u4efb\u52a1","enabled":true,"trigger":{"single":{"time":"2016-8-23 14:55:10"}},"push":{"platform":["ios","android"],"audience":"all","notification":{"ios":{"alert":"Hello IOS","sound":"default","badge":2,"content-available":true,"category":"jiguang","extras":{"identity":"NEW-BOOK","bookID":"1"}}},"options":{"apns_production":false}}}, times:1
Send POST https://api.jpush.cn/v3/schedules, body:{"name":"\u6bcf\u592914\u70b9\u53d1\u9001\u7684\u5b9a\u65f6\u4efb\u52a1","enabled":true,"trigger":{"single":{"time":"2016-8-23 14:55:10"}},"push":{"platform":["ios","android"],"audience":"all","notification":{"ios":{"alert":"Hello IOS","sound":"default","badge":2,"content-available":true,"category":"jiguang","extras":{"identity":"NEW-BOOK","bookID":"1"}}},"options":{"apns_production":false}}}, times:1
Send POST https://api.jpush.cn/v3/schedules, body:{"name":"\u6bcf\u592914\u70b9\u53d1\u9001\u7684\u5b9a\u65f6\u4efb\u52a1","enabled":true,"trigger":{"single":{"time":"2016-8-23 15:55:10"}},"push":{"platform":["ios","android"],"audience":"all","notification":{"ios":{"alert":"Hello IOS","sound":"default","badge":2,"content-available":true,"category":"jiguang","extras":{"identity":"NEW-BOOK","bookID":"1"}}},"options":{"apns_production":false}}}, times:1
Send POST https://api.jpush.cn/v3/schedules, body:{"name":"\u6bcf\u592914\u70b9\u53d1\u9001\u7684\u5b9a\u65f6\u4efb\u52a1","enabled":true,"trigger":{"single":{"time":"2016-8-23 15:05:10"}},"push":{"platform":["ios","android"],"audience":"all","notification":{"ios":{"alert":"Hello IOS","sound":"default","badge":2,"content-available":true,"category":"jiguang","extras":{"identity":"NEW-BOOK","bookID":"1"}}},"options":{"apns_production":false}}}, times:1
Send POST https://api.jpush.cn/v3/schedules, body:{"name":"\u6bcf\u592914\u70b9\u53d1\u9001\u7684\u5b9a\u65f6\u4efb\u52a1","enabled":true,"trigger":{"single":{"time":"2016-8-23 15:11:10"}},"push":{"platform":["ios","android"],"audience":"all","notification":{"android":{"alert":"Hello Android","title":"hello jpush","build_id":2,"extras":{"key":"value","0":"jiguang"}},"ios":{"alert":"Hello IOS","sound":"default","badge":2,"content-available":true,"category":"jiguang","extras":{"identity":"LIVE-TIME","bookID":"1"}}},"options":{"apns_production":false}}}, times:1
Send POST https://api.jpush.cn/v3/schedules, body:{"name":"\u6bcf\u592914\u70b9\u53d1\u9001\u7684\u5b9a\u65f6\u4efb\u52a1","enabled":true,"trigger":{"single":{"time":"2016-8-23 15:13:10"}},"push":{"platform":["ios","android"],"audience":"all","notification":{"android":{"alert":"Hello Android","title":"hello jpush","build_id":2,"extras":{"key":"value","0":"jiguang"}},"ios":{"alert":"Hello IOS","sound":"default","badge":2,"content-available":true,"category":"jiguang","extras":{"identity":"LIVE-TIME","bookID":"1"}}},"options":{"apns_production":false}}}, times:1
Send POST https://api.jpush.cn/v3/push, body:{"platform":["ios","android"],"audience":"all","notification":{"android":{"alert":"Hello Android","title":"hello jpush","build_id":2,"extras":{"key":"value","0":"jiguang"}},"ios":{"alert":"Hello IOS","sound":"default","badge":2,"content-available":true,"category":"jiguang","extras":{"identity":"NEW-BOOK","bookID":"1"}}},"options":{"apns_production":false}}, times:1
Send POST https://api.jpush.cn/v3/push, body:{"platform":["ios","android"],"audience":"all","notification":{"android":{"alert":"Hello Android","title":"hello jpush","build_id":2,"extras":{"key":"value","0":"jiguang"}},"ios":{"alert":"Hello IOS","sound":"default","badge":2,"content-available":true,"category":"jiguang","extras":{"identity":"NEW-BOOK","bookID":"1"}}},"options":{"apns_production":false}}, times:1
Send POST https://api.jpush.cn/v3/push, body:{"platform":["ios","android"],"audience":"all","notification":{"android":{"alert":"Hello Android","title":"hello jpush","build_id":2,"extras":{"key":"value","0":"jiguang"}},"ios":{"alert":"Hello IOS","sound":"default","badge":2,"content-available":true,"category":"jiguang","extras":{"identity":"NEW-BOOK","bookID":"1"}}},"options":{"apns_production":false}}, times:1
Send POST https://api.jpush.cn/v3/push, body:{"platform":["ios","android"],"audience":"all","notification":{"android":{"alert":"Hello Android","title":"hello jpush","build_id":2,"extras":{"key":"value","0":"jiguang"}},"ios":{"alert":"Hello IOS","sound":"default","badge":2,"content-available":true,"category":"jiguang","extras":{"identity":"NEW-BOOK","bookID":"1"}}},"options":{"apns_production":false}}, times:1
Send POST https://api.jpush.cn/v3/push, body:{"platform":["ios","android"],"audience":"all","notification":{"android":{"alert":"Hello Android","title":"hello jpush","build_id":2,"extras":{"key":"value","0":"jiguang"}},"ios":{"alert":"Hello IOS","sound":"default","badge":2,"content-available":true,"category":"jiguang","extras":{"identity":"NEW-BOOK","bookID":"1"}}},"options":{"apns_production":false}}, times:1
Send POST https://api.jpush.cn/v3/push, body:{"platform":["ios","android"],"audience":"all","message":{"msg_content":"message content","title":"\u7248\u672c\u66f4\u65b0","content_type":"text","extras":{"identity":"VERSION","version":"1.0.0"}}}, times:1
Send POST https://api.jpush.cn/v3/push, body:{"platform":["ios","android"],"audience":"all","message":{"msg_content":"message content","title":"\u7248\u672c\u66f4\u65b0","content_type":"text","extras":{"identity":"VERSION","version":"1.0.0"}}}, times:1
Send POST https://api.jpush.cn/v3/push, body:{"platform":["ios","android"],"audience":"all","message":{"msg_content":"message content","title":"\u7248\u672c\u66f4\u65b0","content_type":"text","extras":{"identity":"VERSION","version":"1.0.1"}}}, times:1
Send POST https://api.jpush.cn/v3/push, body:{"platform":["ios","android"],"audience":"all","message":{"msg_content":"message content","title":"\u7248\u672c\u66f4\u65b0","content_type":"text","extras":{"identity":"VERSION","version":"1.1"}}}, times:1
Send POST https://api.jpush.cn/v3/push, body:{"platform":["ios","android"],"audience":"all","notification":{"android":{"alert":"Hello Android","title":"hello jpush","build_id":2,"extras":{"key":"value","0":"jiguang"}},"ios":{"alert":"Hello IOS","sound":"default","badge":2,"content-available":true,"category":"jiguang","extras":{"identity":"NEW-BOOK","bookID":"1"}}},"options":{"apns_production":false}}, times:1
Send POST https://api.jpush.cn/v3/push, body:{"platform":["android"],"audience":"all","message":{"msg_content":"message content","title":"\u7248\u672c\u66f4\u65b0","content_type":"text","extras":{"identity":"VERSION","version":"1.1"}}}, times:1
Send POST https://api.jpush.cn/v3/push, body:{"platform":["android"],"audience":"all","message":{"msg_content":"message content","title":"\u7248\u672c\u66f4\u65b0","content_type":"text","extras":{"identity":"VERSION","version":"1.1"}}}, times:1
Send POST https://api.jpush.cn/v3/push, body:{"platform":["ios"],"audience":"all","message":{"msg_content":"message content","title":"\u7248\u672c\u66f4\u65b0","content_type":"text","extras":{"identity":"VERSION","version":"1.0.1"}}}, times:1
Send POST https://api.jpush.cn/v3/push, body:{"platform":["ios"],"audience":"all","message":{"msg_content":"message content","title":"\u7248\u672c\u66f4\u65b0","content_type":"text","extras":{"identity":"VERSION","version":"1.0.1"}}}, times:1
Send POST https://api.jpush.cn/v3/push, body:{"platform":["ios"],"audience":"all","message":{"msg_content":"message content","title":"\u7248\u672c\u66f4\u65b0","content_type":"text","extras":{"identity":"VERSION","version":"1.0.2"}}}, times:1
Send POST https://api.jpush.cn/v3/push, body:{"platform":["ios"],"audience":"all","message":{"msg_content":"message content","title":"\u7248\u672c\u66f4\u65b0","content_type":"text","extras":{"identity":"VERSION","version":"1.1.0"}}}, times:1
Send POST https://api.jpush.cn/v3/push, body:{"platform":["ios"],"audience":"all","message":{"msg_content":"message content","title":"\u7248\u672c\u66f4\u65b0","content_type":"text","extras":{"identity":"VERSION","version":"1.0.1"}}}, times:1
Send POST https://api.jpush.cn/v3/push, body:{"platform":["ios"],"audience":"all","message":{"msg_content":"message content","title":"\u7248\u672c\u66f4\u65b0","content_type":"text","extras":{"identity":"VERSION","version":"1.0.1"}}}, times:1
Send POST https://api.jpush.cn/v3/push, body:{"platform":["ios"],"audience":"all","message":{"msg_content":"message content","title":"\u7248\u672c\u66f4\u65b0","content_type":"text","extras":{"identity":"VERSION","version":"1.0.0"}}}, times:1
Send POST https://api.jpush.cn/v3/push, body:{"platform":["ios"],"audience":"all","message":{"msg_content":"message content","title":"\u7248\u672c\u66f4\u65b0","content_type":"text","extras":{"identity":"VERSION","version":"1.0.1"}}}, times:1
Send POST https://api.jpush.cn/v3/push, body:{"platform":["ios"],"audience":"all","message":{"msg_content":"message content","title":"\u7248\u672c\u66f4\u65b0","content_type":"text","extras":{"identity":"VERSION","version":"1.0.2"}}}, times:1
Send POST https://api.jpush.cn/v3/push, body:{"platform":["ios"],"audience":"all","message":{"msg_content":"message content","title":"\u7248\u672c\u66f4\u65b0","content_type":"text","extras":{"identity":"VERSION","version":"1.0.0"}}}, times:1
Send POST https://api.jpush.cn/v3/push, body:{"platform":["ios"],"audience":"all","message":{"msg_content":"message content","title":"\u7248\u672c\u66f4\u65b0","content_type":"text","extras":{"identity":"VERSION","version":"1.0.0"}}}, times:1
Send POST https://api.jpush.cn/v3/push, body:{"platform":["ios"],"audience":"all","message":{"msg_content":"message content","title":"\u7248\u672c\u66f4\u65b0","content_type":"text","extras":{"identity":"VERSION","version":"1.0.1"}}}, times:1
Send POST https://api.jpush.cn/v3/push, body:{"platform":["ios"],"audience":"all","message":{"msg_content":"message content","title":"\u7248\u672c\u66f4\u65b0","content_type":"text","extras":{"identity":"VERSION","version":"1.0.1"}}}, times:1
Send POST https://api.jpush.cn/v3/push, body:{"platform":["ios"],"audience":"all","message":{"msg_content":"message content","title":"\u7248\u672c\u66f4\u65b0","content_type":"text","extras":{"identity":"VERSION","version":"1.0.2"}}}, times:1
Send POST https://api.jpush.cn/v3/push, body:{"platform":["ios"],"audience":"all","message":{"msg_content":"message content","title":"\u7248\u672c\u66f4\u65b0","content_type":"text","extras":{"identity":"VERSION","version":""}}}, times:1
Send POST https://api.jpush.cn/v3/push, body:{"platform":["ios"],"audience":"all","message":{"msg_content":"message content","title":"\u7248\u672c\u66f4\u65b0","content_type":"text","extras":{"identity":"VERSION","version":""}}}, times:1
Send POST https://api.jpush.cn/v3/push, body:{"platform":["ios"],"audience":"all","message":{"msg_content":"message content","title":"\u7248\u672c\u66f4\u65b0","content_type":"text","extras":{"identity":"VERSION","version":""}}}, times:1
Send POST https://api.jpush.cn/v3/push, body:{"platform":["ios"],"audience":"all","message":{"msg_content":"message content","title":"\u7248\u672c\u66f4\u65b0","content_type":"text","extras":{"identity":"VERSION","version":"1.0.1"}}}, times:1
Send POST https://api.jpush.cn/v3/push, body:{"platform":["ios"],"audience":"all","message":{"msg_content":"message content","title":"\u7248\u672c\u66f4\u65b0","content_type":"text","extras":{"identity":"VERSION","version":"1.0.1"}}}, times:1
Send POST https://api.jpush.cn/v3/push, body:{"platform":["ios"],"audience":"all","message":{"msg_content":"message content","title":"\u7248\u672c\u66f4\u65b0","content_type":"text","extras":{"identity":"VERSION","version":"1.0.2"}}}, times:1
Send POST https://api.jpush.cn/v3/push, body:{"platform":["ios"],"audience":"all","message":{"msg_content":"message content","title":"\u7248\u672c\u66f4\u65b0","content_type":"text","extras":{"identity":"VERSION","version":"1.0,4"}}}, times:1
Send POST https://api.jpush.cn/v3/push, body:{"platform":["ios"],"audience":"all","message":{"msg_content":"message content","title":"\u7248\u672c\u66f4\u65b0","content_type":"text","extras":{"identity":"VERSION","version":"1.0.4"}}}, times:1
Send POST https://api.jpush.cn/v3/push, body:{"platform":["android"],"audience":"all","message":{"msg_content":"message content","title":"\u7248\u672c\u66f4\u65b0","content_type":"text","extras":{"identity":"VERSION","version":"1.1"}}}, times:1
Send POST https://api.jpush.cn/v3/push, body:{"platform":["ios"],"audience":"all","message":{"msg_content":"message content","title":"\u6253\u5206","content_type":"text","extras":{"identity":"MARKING"}}}, times:1
Send POST https://api.jpush.cn/v3/push, body:{"platform":["ios"],"audience":"all","message":{"msg_content":"message content","title":"\u6253\u5206","content_type":"text","extras":{"identity":"MARKING"}}}, times:1
Send POST https://api.jpush.cn/v3/schedules, body:{"name":"\u6bcf\u5468\u4e098\u70b9\u5f00\u59cb\u76f4\u64ad","enabled":true,"trigger":{"single":{"time":"2016-8-24 17:07:00"}},"push":{"platform":["ios","android"],"audience":"all","notification":{"android":{"alert":"Hello Android","title":"hello jpush","build_id":2,"extras":{"identity":"LIVE-TIME","bookID":"1"}},"ios":{"alert":"Hello IOS","sound":"default","badge":2,"content-available":true,"category":"jiguang","extras":{"identity":"LIVE-TIME","bookID":"1"}}},"options":{"apns_production":false}}}, times:1
Send POST https://api.jpush.cn/v3/schedules, body:{"name":"\u6bcf\u5468\u4e098\u70b9\u5f00\u59cb\u76f4\u64ad","enabled":true,"trigger":{"single":{"time":"2016-8-24 17:07:00"}},"push":{"platform":["ios","android"],"audience":"all","notification":{"android":{"alert":"Hello Android","title":"hello jpush","build_id":2,"extras":{"identity":"LIVE-TIME","bookID":"1"}},"ios":{"alert":"Hello IOS","sound":"default","badge":2,"content-available":true,"category":"jiguang","extras":{"identity":"LIVE-TIME","bookID":"1"}}},"options":{"apns_production":false}}}, times:1
Send POST https://api.jpush.cn/v3/schedules, body:{"name":"\u6bcf\u5468\u4e098\u70b9\u5f00\u59cb\u76f4\u64ad","enabled":true,"trigger":{"single":{"time":"2016-8-24 17:07:00"}},"push":{"platform":["ios","android"],"audience":"all","notification":{"android":{"alert":"Hello Android","title":"hello jpush","build_id":2,"extras":{"identity":"LIVE-TIME","bookID":"1"}},"ios":{"alert":"Hello IOS","sound":"default","badge":2,"content-available":true,"category":"jiguang","extras":{"identity":"LIVE-TIME","bookID":"1"}}},"options":{"apns_production":false}}}, times:1
Send POST https://api.jpush.cn/v3/push, body:{"platform":["ios"],"audience":"all","message":{"msg_content":"message content","title":"\u6253\u5206","content_type":"text","extras":{"identity":"MARKING"}}}, times:1
Send POST https://api.jpush.cn/v3/push, body:{"platform":["android","ios"],"audience":"all","message":{"msg_content":"message content","title":"\u65b0\u4e66\u4e0a\u67b6","content_type":"text","extras":{"identity":"VERSION","bookId":1}}}, times:1
Send POST https://api.jpush.cn/v3/push, body:{"platform":["android","ios"],"audience":"all","message":{"msg_content":"message content","title":"\u65b0\u4e66\u4e0a\u67b6","content_type":"text","extras":{"identity":"VERSION","bookId":"68"}}}, times:1
Send POST https://api.jpush.cn/v3/push, body:{"platform":["android","ios"],"audience":"all","message":{"msg_content":"message content","title":"\u65b0\u4e66\u4e0a\u67b6","content_type":"text","extras":{"identity":"VERSION","bookId":"68"}}}, times:1
Send POST https://api.jpush.cn/v3/push, body:{"platform":["android","ios"],"audience":"all","message":{"msg_content":"message content","title":"\u65b0\u4e66\u4e0a\u67b6","content_type":"text","extras":{"identity":"VERSION","bookId":"68"}}}, times:1
Send POST https://api.jpush.cn/v3/push, body:{"platform":["ios"],"audience":"all","message":{"msg_content":"message content","title":"\u7248\u672c\u66f4\u65b0","content_type":"text","extras":{"identity":"VERSION","version":"1.0.2"}}}, times:1
Send POST https://api.jpush.cn/v3/push, body:{"platform":["ios"],"audience":"all","message":{"msg_content":"message content","title":"\u7248\u672c\u66f4\u65b0","content_type":"text","extras":{"identity":"VERSION","version":"1.0.2"}}}, times:1
Send POST https://api.jpush.cn/v3/push, body:{"platform":["ios"],"audience":"all","message":{"msg_content":"message content","title":"\u7248\u672c\u66f4\u65b0","content_type":"text","extras":{"identity":"VERSION","version":"1.0.1"}}}, times:1
Send POST https://api.jpush.cn/v3/push, body:{"platform":["ios"],"audience":"all","message":{"msg_content":"message content","title":"\u6253\u5206","content_type":"text","extras":{"identity":"MARKING"}}}, times:1
Send POST https://api.jpush.cn/v3/push, body:{"platform":["android","ios"],"audience":"all","message":{"msg_content":"message content","title":"\u65b0\u4e66\u4e0a\u67b6","content_type":"text","extras":{"identity":"VERSION","bookId":"68"}}}, times:1
Send POST https://api.jpush.cn/v3/push, body:{"platform":["android","ios"],"audience":"all","message":{"msg_content":"message content","title":"\u65b0\u4e66\u4e0a\u67b6","content_type":"text","extras":{"identity":"NEW-BOOK","bookID":"68"}}}, times:1
Send POST https://api.jpush.cn/v3/push, body:{"platform":["android","ios"],"audience":"all","message":{"msg_content":"message content","title":"\u65b0\u4e66\u4e0a\u67b6","content_type":"text","extras":{"identity":"NEW-BOOK","bookID":"68"}}}, times:1
Send POST https://api.jpush.cn/v3/push, body:{"platform":["ios","android"],"audience":"all","notification":{"android":{"alert":"Hello Android","title":"hello jpush","build_id":2,"extras":{"identity":"NEW-BOOK","bookID":"68"}},"ios":{"alert":"Hello IOS","sound":"default","badge":2,"content-available":true,"category":"jiguang","extras":{"identity":"NEW-BOOK","bookID":"68"}}},"options":{"apns_production":false}}, times:1
Send POST https://api.jpush.cn/v3/push, body:{"platform":["ios","android"],"audience":"all","notification":{"android":{"alert":"Hello Android","title":"hello jpush","build_id":2,"extras":{"identity":"NEW-BOOK","bookID":"68"}},"ios":{"alert":"Hello IOS","sound":"default","badge":2,"content-available":true,"category":"jiguang","extras":{"identity":"NEW-BOOK","bookID":"68"}}},"options":{"apns_production":false}}, times:1
Send POST https://api.jpush.cn/v3/push, body:{"platform":["ios"],"audience":"all","message":{"msg_content":"message content","title":"\u6253\u5206","content_type":"text","extras":{"identity":"MARKING"}}}, times:1
Send POST https://api.jpush.cn/v3/push, body:{"platform":["ios","android"],"audience":"all","notification":{"android":{"alert":"\u65b0\u4e66\u901f\u9012","title":"hello jpush","build_id":2,"extras":{"identity":"NEW-BOOK","bookID":"68"}},"ios":{"alert":"\u65b0\u4e66\u901f\u9012","sound":"default","badge":2,"content-available":true,"category":"jiguang","extras":{"identity":"NEW-BOOK","bookID":"68"}}},"options":{"apns_production":false}}, times:1
Send POST https://api.jpush.cn/v3/schedules, body:{"name":"\u6bcf\u5468\u4e098\u70b9\u5f00\u59cb\u76f4\u64ad","enabled":true,"trigger":{"single":{"time":"2016-8-24 11:12:00"}},"push":{"platform":["ios","android"],"audience":"all","notification":{"android":{"alert":"\u53ef\u4ee5\u8fdb\u76f4\u64ad\u95f4\u804a\u5929\u4e86","title":"hello jpush","build_id":2,"extras":{"identity":"LIVE-TIME"}},"ios":{"alert":"\u53ef\u4ee5\u8fdb\u76f4\u64ad\u95f4\u804a\u5929\u4e86","sound":"default","badge":2,"content-available":true,"category":"jiguang","extras":{"identity":"LIVE-TIME"}}},"options":{"apns_production":false}}}, times:1
Send POST https://api.jpush.cn/v3/schedules, body:{"name":"\u6bcf\u5468\u4e098\u70b9\u5f00\u59cb\u76f4\u64ad","enabled":true,"trigger":{"single":{"time":"(2016-8-24 11:14:00"}},"push":{"platform":["ios","android"],"audience":"all","notification":{"android":{"alert":"\u53ef\u4ee5\u8fdb\u76f4\u64ad\u95f4\u804a\u5929\u4e86","title":"hello jpush","build_id":2,"extras":{"identity":"LIVE-TIME"}},"ios":{"alert":"\u53ef\u4ee5\u8fdb\u76f4\u64ad\u95f4\u804a\u5929\u4e86","sound":"default","badge":2,"content-available":true,"category":"jiguang","extras":{"identity":"LIVE-TIME"}}},"options":{"apns_production":false}}}, times:1
Send POST https://api.jpush.cn/v3/schedules, body:{"name":"\u6bcf\u5468\u4e098\u70b9\u5f00\u59cb\u76f4\u64ad","enabled":true,"trigger":{"single":{"time":"2016-8-24 11:15:00"}},"push":{"platform":["ios","android"],"audience":"all","notification":{"android":{"alert":"\u53ef\u4ee5\u8fdb\u76f4\u64ad\u95f4\u804a\u5929\u4e86","title":"hello jpush","build_id":2,"extras":{"identity":"LIVE-TIME"}},"ios":{"alert":"\u53ef\u4ee5\u8fdb\u76f4\u64ad\u95f4\u804a\u5929\u4e86","sound":"default","badge":2,"content-available":true,"category":"jiguang","extras":{"identity":"LIVE-TIME"}}},"options":{"apns_production":false}}}, times:1
Send POST https://api.jpush.cn/v3/schedules, body:{"name":"\u6bcf\u5468\u4e098\u70b9\u5f00\u59cb\u76f4\u64ad","enabled":true,"trigger":{"single":{"time":"2016-8-24 20:00:00"}},"push":{"platform":["ios","android"],"audience":"all","notification":{"android":{"alert":"\u53ef\u4ee5\u8fdb\u76f4\u64ad\u95f4\u804a\u5929\u4e86","title":"hello jpush","build_id":2,"extras":{"identity":"LIVE-TIME"}},"ios":{"alert":"\u53ef\u4ee5\u8fdb\u76f4\u64ad\u95f4\u804a\u5929\u4e86","sound":"default","badge":2,"content-available":true,"category":"jiguang","extras":{"identity":"LIVE-TIME"}}},"options":{"apns_production":false}}}, times:1
Send POST https://api.jpush.cn/v3/schedules, body:{"name":"\u6bcf\u5468\u4e098\u70b9\u5f00\u59cb\u76f4\u64ad","enabled":true,"trigger":{"single":{"time":"2016-8-25 11:14:00"}},"push":{"platform":["ios","android"],"audience":"all","notification":{"android":{"alert":"\u53ef\u4ee5\u8fdb\u76f4\u64ad\u95f4\u804a\u5929\u4e86","title":"hello jpush","build_id":2,"extras":{"identity":"LIVE-TIME"}},"ios":{"alert":"\u53ef\u4ee5\u8fdb\u76f4\u64ad\u95f4\u804a\u5929\u4e86","sound":"default","badge":2,"content-available":true,"category":"jiguang","extras":{"identity":"LIVE-TIME"}}},"options":{"apns_production":false}}}, times:1
Send POST https://api.jpush.cn/v3/schedules, body:{"name":"\u6bcf\u5468\u4e098\u70b9\u5f00\u59cb\u76f4\u64ad","enabled":true,"trigger":{"single":{"time":"2016-8-25 11:13:00"}},"push":{"platform":["ios","android"],"audience":"all","notification":{"android":{"alert":"\u53ef\u4ee5\u8fdb\u76f4\u64ad\u95f4\u804a\u5929\u4e86","title":"hello jpush","build_id":2,"extras":{"identity":"LIVE-TIME"}},"ios":{"alert":"\u53ef\u4ee5\u8fdb\u76f4\u64ad\u95f4\u804a\u5929\u4e86","sound":"default","badge":2,"content-available":true,"category":"jiguang","extras":{"identity":"LIVE-TIME"}}},"options":{"apns_production":false}}}, times:1
Send POST https://api.jpush.cn/v3/schedules, body:{"name":"\u6bcf\u5468\u4e098\u70b9\u5f00\u59cb\u76f4\u64ad","enabled":true,"trigger":{"single":{"time":"2016-8-25 11:15:00"}},"push":{"platform":["ios","android"],"audience":"all","notification":{"android":{"alert":"\u53ef\u4ee5\u8fdb\u76f4\u64ad\u95f4\u804a\u5929\u4e86","title":"hello jpush","build_id":2,"extras":{"identity":"LIVE-TIME"}},"ios":{"alert":"\u53ef\u4ee5\u8fdb\u76f4\u64ad\u95f4\u804a\u5929\u4e86","sound":"default","badge":2,"content-available":true,"category":"jiguang","extras":{"identity":"LIVE-TIME"}}},"options":{"apns_production":false}}}, times:1
Send POST https://api.jpush.cn/v3/schedules, body:{"name":"\u6bcf\u5468\u4e098\u70b9\u5f00\u59cb\u76f4\u64ad","enabled":true,"trigger":{"single":{"time":"2016-8-24 11:27:00"}},"push":{"platform":["ios","android"],"audience":"all","notification":{"android":{"alert":"\u53ef\u4ee5\u8fdb\u76f4\u64ad\u95f4\u804a\u5929\u4e86","title":"hello jpush","build_id":2,"extras":{"identity":"LIVE-TIME"}},"ios":{"alert":"\u53ef\u4ee5\u8fdb\u76f4\u64ad\u95f4\u804a\u5929\u4e86","sound":"default","badge":2,"content-available":true,"category":"jiguang","extras":{"identity":"LIVE-TIME"}}},"options":{"apns_production":false}}}, times:1
Send POST https://api.jpush.cn/v3/schedules, body:{"name":"\u6bcf\u5468\u4e098\u70b9\u5f00\u59cb\u76f4\u64ad","enabled":true,"trigger":{"single":{"time":"2016-8-25 11:28:00"}},"push":{"platform":["ios","android"],"audience":"all","notification":{"android":{"alert":"\u53ef\u4ee5\u8fdb\u76f4\u64ad\u95f4\u804a\u5929\u4e86","title":"hello jpush","build_id":2,"extras":{"identity":"LIVE-TIME"}},"ios":{"alert":"\u53ef\u4ee5\u8fdb\u76f4\u64ad\u95f4\u804a\u5929\u4e86","sound":"default","badge":2,"content-available":true,"category":"jiguang","extras":{"identity":"LIVE-TIME"}}},"options":{"apns_production":false}}}, times:1
Send POST https://api.jpush.cn/v3/schedules, body:{"name":"\u6bcf\u5468\u4e098\u70b9\u5f00\u59cb\u76f4\u64ad","enabled":true,"trigger":{"single":{"time":"2016-8-25 19:55:00"}},"push":{"platform":["ios","android"],"audience":"all","notification":{"android":{"alert":"\u53ef\u4ee5\u8fdb\u76f4\u64ad\u95f4\u804a\u5929\u4e86","title":"hello jpush","build_id":2,"extras":{"identity":"LIVE-TIME"}},"ios":{"alert":"\u53ef\u4ee5\u8fdb\u76f4\u64ad\u95f4\u804a\u5929\u4e86","sound":"default","badge":2,"content-available":true,"category":"jiguang","extras":{"identity":"LIVE-TIME"}}},"options":{"apns_production":false}}}, times:1
Send POST https://api.jpush.cn/v3/schedules, body:{"name":"\u6bcf\u5468\u4e098\u70b9\u5f00\u59cb\u76f4\u64ad","enabled":true,"trigger":{"single":{"time":"2016-8-25 20:00:00"}},"push":{"platform":["ios","android"],"audience":"all","notification":{"android":{"alert":"\u53ef\u4ee5\u8fdb\u76f4\u64ad\u95f4\u804a\u5929\u4e86","title":"hello jpush","build_id":2,"extras":{"identity":"LIVE-TIME"}},"ios":{"alert":"\u53ef\u4ee5\u8fdb\u76f4\u64ad\u95f4\u804a\u5929\u4e86","sound":"default","badge":2,"content-available":true,"category":"jiguang","extras":{"identity":"LIVE-TIME"}}},"options":{"apns_production":false}}}, times:1
Send POST https://api.jpush.cn/v3/push, body:{"platform":["ios","android"],"audience":"all","notification":{"android":{"alert":"\u65b0\u4e66\u901f\u9012","title":"hello jpush","build_id":2,"extras":{"identity":"NEW-BOOK","bookID":"68"}},"ios":{"alert":"\u65b0\u4e66\u901f\u9012","sound":"default","badge":2,"content-available":true,"category":"jiguang","extras":{"identity":"NEW-BOOK","bookID":"68"}}},"options":{"apns_production":false}}, times:1
Send POST https://api.jpush.cn/v3/schedules, body:{"name":"\u6bcf\u5468\u4e098\u70b9\u5f00\u59cb\u76f4\u64ad","enabled":true,"trigger":{"single":{"time":"2016-8-25 11:37:00"}},"push":{"platform":["ios","android"],"audience":"all","notification":{"android":{"alert":"\u53ef\u4ee5\u8fdb\u76f4\u64ad\u95f4\u804a\u5929\u4e86","title":"hello jpush","build_id":2,"extras":{"identity":"LIVE-TIME"}},"ios":{"alert":"\u53ef\u4ee5\u8fdb\u76f4\u64ad\u95f4\u804a\u5929\u4e86","sound":"default","badge":2,"content-available":true,"category":"jiguang","extras":{"identity":"LIVE-TIME"}}},"options":{"apns_production":false}}}, times:1
Send POST https://api.jpush.cn/v3/schedules, body:{"name":"\u6bcf\u5468\u4e098\u70b9\u5f00\u59cb\u76f4\u64ad","enabled":true,"trigger":{"single":{"time":"2016-8-25 11:38:00"}},"push":{"platform":["ios","android"],"audience":"all","notification":{"android":{"alert":"\u53ef\u4ee5\u8fdb\u76f4\u64ad\u95f4\u804a\u5929\u4e86","title":"hello jpush","build_id":2,"extras":{"identity":"LIVE-TIME"}},"ios":{"alert":"\u53ef\u4ee5\u8fdb\u76f4\u64ad\u95f4\u804a\u5929\u4e86","sound":"default","badge":2,"content-available":true,"category":"jiguang","extras":{"identity":"LIVE-TIME"}}},"options":{"apns_production":false}}}, times:1
Send POST https://api.jpush.cn/v3/push, body:{"platform":["ios","android"],"audience":{"alias":["107"]},"notification":{"android":{"alert":"\u63a8\u5e7f\u6536\u5165","title":"hello jpush","build_id":2,"extras":{"identity":"WBCHANGE-INCOME"}},"ios":{"alert":"\u63a8\u5e7f\u6536\u5165","sound":"default","badge":2,"content-available":true,"category":"jiguang","extras":{"identity":"WBCHANGE-INCOME"}}},"options":{"apns_production":false}}, times:1
Send POST https://api.jpush.cn/v3/push, body:{"platform":["ios","android"],"audience":{"alias":["'107'"]},"notification":{"android":{"alert":"\u63a8\u5e7f\u6536\u5165","title":"hello jpush","build_id":2,"extras":{"identity":"WBCHANGE-INCOME"}},"ios":{"alert":"\u63a8\u5e7f\u6536\u5165","sound":"default","badge":2,"content-available":true,"category":"jiguang","extras":{"identity":"WBCHANGE-INCOME"}}},"options":{"apns_production":false}}, times:1
Send POST https://api.jpush.cn/v3/push, body:{"platform":["ios","android"],"audience":{"alias":["'107'"]},"notification":{"android":{"alert":"\u63a8\u5e7f\u6536\u5165","title":"hello jpush","build_id":2,"extras":{"identity":"WBCHANGE-INCOME"}},"ios":{"alert":"\u63a8\u5e7f\u6536\u5165","sound":"default","badge":2,"content-available":true,"category":"jiguang","extras":{"identity":"WBCHANGE-INCOME"}}},"options":{"apns_production":false}}, times:1
Send POST https://api.jpush.cn/v3/push, body:{"platform":["ios","android"],"audience":"all","notification":{"android":{"alert":"\u63a8\u5e7f\u6536\u5165","title":"hello jpush","build_id":2,"extras":{"identity":"WBCHANGE-INCOME"}},"ios":{"alert":"\u63a8\u5e7f\u6536\u5165","sound":"default","badge":2,"content-available":true,"category":"jiguang","extras":{"identity":"WBCHANGE-INCOME"}}},"options":{"apns_production":false}}, times:1
Send POST https://api.jpush.cn/v3/push, body:{"platform":["ios","android"],"audience":"all","notification":{"android":{"alert":"\u63a8\u5e7f\u6536\u5165","title":"hello jpush","build_id":2,"extras":{"identity":"WBCHANGE-INCOME"}},"ios":{"alert":"\u63a8\u5e7f\u6536\u5165","sound":"default","badge":2,"content-available":true,"category":"jiguang","extras":{"identity":"WBCHANGE-INCOME"}}},"options":{"apns_production":false}}, times:1
Send POST https://api.jpush.cn/v3/push, body:{"platform":["ios","android"],"audience":"all","notification":{"android":{"alert":"\u63a8\u5e7f\u6536\u5165","title":"hello jpush","build_id":2,"extras":{"identity":"WBCHANGE-INCOME"}},"ios":{"alert":"\u63a8\u5e7f\u6536\u5165","sound":"default","badge":2,"content-available":true,"category":"jiguang","extras":{"identity":"WBCHANGE-INCOME"}}},"options":{"apns_production":false}}, times:1
Send POST https://api.jpush.cn/v3/push, body:{"platform":["ios","android"],"audience":"all","notification":{"android":{"alert":"\u63a8\u5e7f\u6536\u5165","title":"hello jpush","build_id":2,"extras":{"identity":"WBCHANGE-AWARD"}},"ios":{"alert":"\u63a8\u5e7f\u6536\u5165","sound":"default","badge":2,"content-available":true,"category":"jiguang","extras":{"identity":"WBCHANGE-AWARD"}}},"options":{"apns_production":false}}, times:1
